total 7908
-rw-r--r--  1 codespace codespace      41 Nov  4 01:46 5079.err
-rw-r--r--  1 codespace codespace       0 Nov  4 01:46 5079.out
-rw-r--r--  1 codespace codespace       0 Nov  4 01:46 5080.err
-rw-r--r--  1 codespace codespace     124 Nov  4 01:46 5080.out
-rw-r--r--  1 codespace codespace       0 Nov  4 01:46 5081.err
-rw-r--r--  1 codespace codespace       0 Nov  4 01:46 5081.out
-rw-r--r--  1 codespace codespace      41 Nov  4 01:46 5112.err
-rw-r--r--  1 codespace codespace       0 Nov  4 01:46 5112.out
-rw-r--r--  1 codespace codespace       0 Nov  4 01:46 5113.err
-rw-r--r--  1 codespace codespace      14 Nov  4 01:46 5113.out
-rw-r--r--  1 codespace codespace       0 Nov  4 01:46 5114.err
-rw-r--r--  1 codespace codespace       0 Nov  4 01:46 5114.out
-rw-r--r--  1 codespace codespace      41 Nov  4 01:46 5115.err
-rw-r--r--  1 codespace codespace       0 Nov  4 01:46 5115.out
-rw-r--r--  1 codespace codespace       0 Nov  4 01:46 5116.err
-rw-r--r--  1 codespace codespace    3775 Nov  4 01:46 5116.out
-rw-r--r--  1 codespace codespace       0 Nov  4 01:46 5117.err
-rw-r--r--  1 codespace codespace       0 Nov  4 01:46 5117.out
-rw-r--r--  1 codespace codespace      41 Nov  4 01:46 5118.err
-rw-r--r--  1 codespace codespace       0 Nov  4 01:46 5118.out
-rw-r--r--  1 codespace codespace       0 Nov  4 01:46 5119.err
-rw-r--r--  1 codespace codespace     119 Nov  4 01:46 5119.out
-rw-r--r--  1 codespace codespace       0 Nov  4 01:46 5120.err
-rw-r--r--  1 codespace codespace       0 Nov  4 01:46 5120.out
-rw-r--r--  1 codespace codespace      41 Nov  4 01:46 5121.err
-rw-r--r--  1 codespace codespace       0 Nov  4 01:46 5121.out
-rw-r--r--  1 codespace codespace      54 Nov  4 01:46 5122.err
-rw-r--r--  1 codespace codespace       0 Nov  4 01:46 5122.out
-rw-r--r--  1 codespace codespace       0 Nov  4 01:46 5123.err
-rw-r--r--  1 codespace codespace       0 Nov  4 01:46 5123.out
-rw-r--r--  1 codespace codespace      41 Nov  4 01:46 5124.err
-rw-r--r--  1 codespace codespace       0 Nov  4 01:46 5124.out
-rw-r--r--  1 codespace codespace       0 Nov  4 01:46 5125.err
-rw-r--r--  1 codespace codespace      29 Nov  4 01:46 5125.out
-rw-r--r--  1 codespace codespace       0 Nov  4 01:46 5126.err
-rw-r--r--  1 codespace codespace       0 Nov  4 01:46 5126.out
-rw-r--r--  1 codespace codespace      41 Nov  4 01:46 5127.err
-rw-r--r--  1 codespace codespace       0 Nov  4 01:46 5127.out
-rw-r--r--  1 codespace codespace       0 Nov  4 01:46 5128.err
-rw-r--r--  1 codespace codespace      19 Nov  4 01:46 5128.out
-rw-r--r--  1 codespace codespace       0 Nov  4 01:46 5129.err
-rw-r--r--  1 codespace codespace       0 Nov  4 01:46 5129.out
-rw-r--r--  1 codespace codespace      41 Nov  4 01:46 5130.err
-rw-r--r--  1 codespace codespace       0 Nov  4 01:46 5130.out
-rw-r--r--  1 codespace codespace      58 Nov  4 01:46 5131.err
-rw-r--r--  1 codespace codespace       0 Nov  4 01:46 5131.out
-rw-r--r--  1 codespace codespace       0 Nov  4 01:46 5132.err
-rw-r--r--  1 codespace codespace       0 Nov  4 01:46 5132.out
-rw-r--r--  1 codespace codespace      41 Nov  4 01:46 5133.err
-rw-r--r--  1 codespace codespace       0 Nov  4 01:46 5133.out
-rw-r--r--  1 codespace codespace       0 Nov  4 01:46 5134.err
-rw-r--r--  1 codespace codespace       0 Nov  4 01:46 5134.out
-rw-r--r--  1 codespace codespace      41 Nov  4 01:46 5135.err
-rw-r--r--  1 codespace codespace       0 Nov  4 01:46 5135.out
-rw-r--r--  1 codespace codespace       0 Nov  4 01:46 5136.err
-rw-r--r--  1 codespace codespace     124 Nov  4 01:46 5136.out
-rw-r--r--  1 codespace codespace       0 Nov  4 01:46 5137.err
-rw-r--r--  1 codespace codespace       0 Nov  4 01:46 5137.out
-rw-r--r--  1 codespace codespace      41 Nov  4 01:46 5144.err
-rw-r--r--  1 codespace codespace       0 Nov  4 01:46 5144.out
-rw-r--r--  1 codespace codespace       0 Nov  4 01:46 5145.err
-rw-r--r--  1 codespace codespace      14 Nov  4 01:46 5145.out
-rw-r--r--  1 codespace codespace       0 Nov  4 01:46 5146.err
-rw-r--r--  1 codespace codespace       0 Nov  4 01:46 5146.out
-rw-r--r--  1 codespace codespace      41 Nov  4 01:46 5153.err
-rw-r--r--  1 codespace codespace       0 Nov  4 01:46 5153.out
-rw-r--r--  1 codespace codespace       0 Nov  4 01:46 5154.err
-rw-r--r--  1 codespace codespace    7103 Nov  4 01:46 5154.out
-rw-r--r--  1 codespace codespace       0 Nov  4 01:46 5155.err
-rw-r--r--  1 codespace codespace       0 Nov  4 01:46 5155.out
-rw-r--r--  1 codespace codespace      41 Nov  4 01:46 5162.err
-rw-r--r--  1 codespace codespace       0 Nov  4 01:46 5162.out
-rw-r--r--  1 codespace codespace       0 Nov  4 01:46 5163.err
-rw-r--r--  1 codespace codespace     119 Nov  4 01:46 5163.out
-rw-r--r--  1 codespace codespace       0 Nov  4 01:46 5164.err
-rw-r--r--  1 codespace codespace       0 Nov  4 01:46 5164.out
-rw-r--r--  1 codespace codespace      41 Nov  4 01:46 5172.err
-rw-r--r--  1 codespace codespace       0 Nov  4 01:46 5172.out
-rw-r--r--  1 codespace codespace      54 Nov  4 01:46 5173.err
-rw-r--r--  1 codespace codespace       0 Nov  4 01:46 5173.out
-rw-r--r--  1 codespace codespace       0 Nov  4 01:46 5174.err
-rw-r--r--  1 codespace codespace       0 Nov  4 01:46 5174.out
-rw-r--r--  1 codespace codespace      41 Nov  4 01:46 5181.err
-rw-r--r--  1 codespace codespace       0 Nov  4 01:46 5181.out
-rw-r--r--  1 codespace codespace       0 Nov  4 01:46 5182.err
-rw-r--r--  1 codespace codespace      29 Nov  4 01:46 5182.out
-rw-r--r--  1 codespace codespace       0 Nov  4 01:46 5183.err
-rw-r--r--  1 codespace codespace       0 Nov  4 01:46 5183.out
-rw-r--r--  1 codespace codespace      41 Nov  4 01:46 5185.err
-rw-r--r--  1 codespace codespace       0 Nov  4 01:46 5185.out
-rw-r--r--  1 codespace codespace       0 Nov  4 01:46 5186.err
-rw-r--r--  1 codespace codespace      19 Nov  4 01:46 5186.out
-rw-r--r--  1 codespace codespace       0 Nov  4 01:46 5187.err
-rw-r--r--  1 codespace codespace       0 Nov  4 01:46 5187.out
-rw-r--r--  1 codespace codespace      41 Nov  4 01:46 5188.err
-rw-r--r--  1 codespace codespace       0 Nov  4 01:46 5188.out
-rw-r--r--  1 codespace codespace      58 Nov  4 01:46 5189.err
-rw-r--r--  1 codespace codespace       0 Nov  4 01:46 5189.out
-rw-r--r--  1 codespace codespace       0 Nov  4 01:46 5190.err
-rw-r--r--  1 codespace codespace       0 Nov  4 01:46 5190.out
-rw-r--r--  1 codespace codespace      41 Nov  4 01:46 5191.err
-rw-r--r--  1 codespace codespace       0 Nov  4 01:46 5191.out
-rw-r--r--  1 codespace codespace       0 Nov  4 01:46 5192.err
-rw-r--r--  1 codespace codespace       0 Nov  4 01:46 5192.out
-rw-r--r--  1 codespace codespace      41 Nov  4 01:46 5193.err
-rw-r--r--  1 codespace codespace       0 Nov  4 01:46 5193.out
-rw-r--r--  1 codespace codespace       0 Nov  4 01:46 5194.err
-rw-r--r--  1 codespace codespace     124 Nov  4 01:46 5194.out
-rw-r--r--  1 codespace codespace       0 Nov  4 01:46 5195.err
-rw-r--r--  1 codespace codespace       0 Nov  4 01:46 5195.out
-rw-r--r--  1 codespace codespace      41 Nov  4 01:46 5196.err
-rw-r--r--  1 codespace codespace       0 Nov  4 01:46 5196.out
-rw-r--r--  1 codespace codespace       0 Nov  4 01:46 5197.err
-rw-r--r--  1 codespace codespace      14 Nov  4 01:46 5197.out
-rw-r--r--  1 codespace codespace       0 Nov  4 01:46 5198.err
-rw-r--r--  1 codespace codespace       0 Nov  4 01:46 5198.out
-rw-r--r--  1 codespace codespace      41 Nov  4 01:46 5199.err
-rw-r--r--  1 codespace codespace       0 Nov  4 01:46 5199.out
-rw-r--r--  1 codespace codespace       0 Nov  4 01:46 5200.err
-rw-r--r--  1 codespace codespace       0 Nov  4 01:46 5200.out
-rw-rw-rw-  1 codespace root           63 Oct  7 03:36 README.md
-rw-rw-rw-  1 codespace codespace    4860 Oct  7 04:10 advanced_file_traverser.c
-rw-rw-rw-  1 codespace codespace   14792 Oct 26 20:33 advanced_file_traverser.o
-rwxrwxrwx  1 codespace codespace   17936 Oct  7 02:24 ass_02
-rw-rw-rw-  1 codespace codespace     512 Nov  4 01:46 commands.txt
-rwxrwxrwx  1 codespace codespace   22536 Oct 26 20:34 ffd_desc
-rw-rw-rw-  1 codespace codespace    3588 Oct 26 20:44 ffd_desc.c
-rw-rw-rw-  1 codespace codespace   13616 Oct 26 20:33 ffd_desc.o
-rw-rw-rw-  1 codespace codespace      20 Sep 22 10:52 file1.txt
-rw-rw-rw-  1 codespace codespace      20 Sep 23 00:18 file2.txt
-rw-rw-rw-  1 codespace codespace    1800 Sep 22 11:05 file_merge.c
-rw-rw-rw-  1 codespace codespace    1454 Sep 29 00:16 file_traverser.c
-rwxrwxrwx  1 codespace codespace   17072 Sep 22 11:04 filemerger
-rwxrwxrwx  1 codespace codespace   17136 Oct 27 02:16 forkexecvp
-rwxrwxrwx  1 codespace codespace   16744 Aug 29 20:56 hello
-rw-rw-rw-  1 codespace codespace       0 Aug 29 20:45 hello2.c
drwxrwxrwx+ 3 codespace codespace    4096 Sep 27 04:10 helloFolder
-rwxrwxrwx  1 codespace codespace   17256 Oct 13 17:15 hw1
-rw-rw-rw-  1 codespace codespace      16 Oct 13 17:18 input_file.txt
-rwxrwxrwx  1 codespace codespace   16848 Sep  8 19:26 insertion_sort
-rw-rw-rw-  1 codespace codespace    1875 Sep 14 22:36 insertion_sort.c
-rw-rw-rw-  1 codespace codespace    4712 Sep 15 04:42 insertion_sort_alphabet.c
-rwxrwxrwx  1 codespace codespace   17512 Nov  4 01:45 lab10_solution
-rw-rw-rw-  1 codespace codespace    1323 Oct 13 20:08 lab_07.c
-rw-rw-rw-  1 codespace codespace    1926 Oct 27 02:14 lab_09.c
-rw-rw-rw-  1 codespace codespace    2468 Nov  4 01:41 lab_10.c
-rwxrwxrwx  1 codespace codespace   17496 Oct  6 01:12 lab_o6
-rw-rw-rw-  1 codespace codespace 2659124 Oct  6 00:15 listings.csv
-rw-rw-rw-  1 codespace codespace     375 Oct  7 03:26 makefile
-rw-rw-rw-  1 codespace codespace     452 Oct 26 20:34 makefile2
-rw-rw-rw-  1 codespace codespace    4555 Nov  4 01:46 output.log
-rw-rw-rw-  1 codespace codespace    4958 Oct  6 01:13 parse_csv.c
-rwxrwxrwx  1 codespace codespace   16840 Sep  8 16:16 prime
-rw-rw-rw-  1 codespace codespace     850 Sep  8 16:16 prime.c
-rw-rw-rw-  1 codespace codespace 2416493 Oct  6 01:12 sorted_by_host_name.csv
-rw-rw-rw-  1 codespace codespace 2416493 Oct  6 01:12 sorted_by_price.csv
-rw-rw-rw-  1 codespace codespace   11622 Sep 13 23:48 syshomework1.c
-rwxrwxrwx  1 codespace codespace   17144 Sep 29 00:14 t
-rwxrwxrwx  1 codespace codespace   16888 Sep 27 03:59 t101
-rwxrwxrwx  1 codespace codespace   17448 Sep 15 04:42 ta
-rwxrwxrwx  1 codespace codespace   23288 Oct 26 20:33 traverse
