total 8520
-rw-r--r--  1 codespace codespace      41 Nov  4 01:46 5079.err
-rw-r--r--  1 codespace codespace       0 Nov  4 01:46 5079.out
-rw-r--r--  1 codespace codespace       0 Nov  4 01:46 5080.err
-rw-r--r--  1 codespace codespace     124 Nov  4 01:46 5080.out
-rw-r--r--  1 codespace codespace       0 Nov  4 01:46 5081.err
-rw-r--r--  1 codespace codespace       0 Nov  4 01:46 5081.out
-rw-r--r--  1 codespace codespace      41 Nov  4 01:46 5112.err
-rw-r--r--  1 codespace codespace       0 Nov  4 01:46 5112.out
-rw-r--r--  1 codespace codespace       0 Nov  4 01:46 5113.err
-rw-r--r--  1 codespace codespace      14 Nov  4 01:46 5113.out
-rw-r--r--  1 codespace codespace       0 Nov  4 01:46 5114.err
-rw-r--r--  1 codespace codespace       0 Nov  4 01:46 5114.out
-rw-r--r--  1 codespace codespace      41 Nov  4 01:46 5115.err
-rw-r--r--  1 codespace codespace       0 Nov  4 01:46 5115.out
-rw-r--r--  1 codespace codespace       0 Nov  4 01:46 5116.err
-rw-r--r--  1 codespace codespace    3775 Nov  4 01:46 5116.out
-rw-r--r--  1 codespace codespace       0 Nov  4 01:46 5117.err
-rw-r--r--  1 codespace codespace       0 Nov  4 01:46 5117.out
-rw-r--r--  1 codespace codespace      41 Nov  4 01:46 5118.err
-rw-r--r--  1 codespace codespace       0 Nov  4 01:46 5118.out
-rw-r--r--  1 codespace codespace       0 Nov  4 01:46 5119.err
-rw-r--r--  1 codespace codespace     119 Nov  4 01:46 5119.out
-rw-r--r--  1 codespace codespace       0 Nov  4 01:46 5120.err
-rw-r--r--  1 codespace codespace       0 Nov  4 01:46 5120.out
-rw-r--r--  1 codespace codespace      41 Nov  4 01:46 5121.err
-rw-r--r--  1 codespace codespace       0 Nov  4 01:46 5121.out
-rw-r--r--  1 codespace codespace      54 Nov  4 01:46 5122.err
-rw-r--r--  1 codespace codespace       0 Nov  4 01:46 5122.out
-rw-r--r--  1 codespace codespace       0 Nov  4 01:46 5123.err
-rw-r--r--  1 codespace codespace       0 Nov  4 01:46 5123.out
-rw-r--r--  1 codespace codespace      41 Nov  4 01:46 5124.err
-rw-r--r--  1 codespace codespace       0 Nov  4 01:46 5124.out
-rw-r--r--  1 codespace codespace       0 Nov  4 01:46 5125.err
-rw-r--r--  1 codespace codespace      29 Nov  4 01:46 5125.out
-rw-r--r--  1 codespace codespace       0 Nov  4 01:46 5126.err
-rw-r--r--  1 codespace codespace       0 Nov  4 01:46 5126.out
-rw-r--r--  1 codespace codespace      41 Nov  4 01:46 5127.err
-rw-r--r--  1 codespace codespace       0 Nov  4 01:46 5127.out
-rw-r--r--  1 codespace codespace       0 Nov  4 01:46 5128.err
-rw-r--r--  1 codespace codespace      19 Nov  4 01:46 5128.out
-rw-r--r--  1 codespace codespace       0 Nov  4 01:46 5129.err
-rw-r--r--  1 codespace codespace       0 Nov  4 01:46 5129.out
-rw-r--r--  1 codespace codespace      41 Nov  4 01:46 5130.err
-rw-r--r--  1 codespace codespace       0 Nov  4 01:46 5130.out
-rw-r--r--  1 codespace codespace      58 Nov  4 01:46 5131.err
-rw-r--r--  1 codespace codespace       0 Nov  4 01:46 5131.out
-rw-r--r--  1 codespace codespace       0 Nov  4 01:46 5132.err
-rw-r--r--  1 codespace codespace       0 Nov  4 01:46 5132.out
-rw-r--r--  1 codespace codespace      41 Nov  4 01:46 5133.err
-rw-r--r--  1 codespace codespace       0 Nov  4 01:46 5133.out
-rw-r--r--  1 codespace codespace       0 Nov  4 01:46 5134.err
-rw-r--r--  1 codespace codespace       0 Nov  4 01:46 5134.out
-rw-r--r--  1 codespace codespace      41 Nov  4 01:46 5135.err
-rw-r--r--  1 codespace codespace       0 Nov  4 01:46 5135.out
-rw-r--r--  1 codespace codespace       0 Nov  4 01:46 5136.err
-rw-r--r--  1 codespace codespace     124 Nov  4 01:46 5136.out
-rw-r--r--  1 codespace codespace       0 Nov  4 01:46 5137.err
-rw-r--r--  1 codespace codespace       0 Nov  4 01:46 5137.out
-rw-r--r--  1 codespace codespace      41 Nov  4 01:46 5144.err
-rw-r--r--  1 codespace codespace       0 Nov  4 01:46 5144.out
-rw-r--r--  1 codespace codespace       0 Nov  4 01:46 5145.err
-rw-r--r--  1 codespace codespace      14 Nov  4 01:46 5145.out
-rw-r--r--  1 codespace codespace       0 Nov  4 01:46 5146.err
-rw-r--r--  1 codespace codespace       0 Nov  4 01:46 5146.out
-rw-r--r--  1 codespace codespace      41 Nov  4 01:46 5153.err
-rw-r--r--  1 codespace codespace       0 Nov  4 01:46 5153.out
-rw-r--r--  1 codespace codespace       0 Nov  4 01:46 5154.err
-rw-r--r--  1 codespace codespace    7103 Nov  4 01:46 5154.out
-rw-r--r--  1 codespace codespace       0 Nov  4 01:46 5155.err
-rw-r--r--  1 codespace codespace       0 Nov  4 01:46 5155.out
-rw-r--r--  1 codespace codespace      41 Nov  4 01:46 5162.err
-rw-r--r--  1 codespace codespace       0 Nov  4 01:46 5162.out
-rw-r--r--  1 codespace codespace       0 Nov  4 01:46 5163.err
-rw-r--r--  1 codespace codespace     119 Nov  4 01:46 5163.out
-rw-r--r--  1 codespace codespace       0 Nov  4 01:46 5164.err
-rw-r--r--  1 codespace codespace       0 Nov  4 01:46 5164.out
-rw-r--r--  1 codespace codespace      41 Nov  4 01:46 5172.err
-rw-r--r--  1 codespace codespace       0 Nov  4 01:46 5172.out
-rw-r--r--  1 codespace codespace      54 Nov  4 01:46 5173.err
-rw-r--r--  1 codespace codespace       0 Nov  4 01:46 5173.out
-rw-r--r--  1 codespace codespace       0 Nov  4 01:46 5174.err
-rw-r--r--  1 codespace codespace       0 Nov  4 01:46 5174.out
-rw-r--r--  1 codespace codespace      41 Nov  4 01:46 5181.err
-rw-r--r--  1 codespace codespace       0 Nov  4 01:46 5181.out
-rw-r--r--  1 codespace codespace       0 Nov  4 01:46 5182.err
-rw-r--r--  1 codespace codespace      29 Nov  4 01:46 5182.out
-rw-r--r--  1 codespace codespace       0 Nov  4 01:46 5183.err
-rw-r--r--  1 codespace codespace       0 Nov  4 01:46 5183.out
-rw-r--r--  1 codespace codespace      41 Nov  4 01:46 5185.err
-rw-r--r--  1 codespace codespace       0 Nov  4 01:46 5185.out
-rw-r--r--  1 codespace codespace       0 Nov  4 01:46 5186.err
-rw-r--r--  1 codespace codespace      19 Nov  4 01:46 5186.out
-rw-r--r--  1 codespace codespace       0 Nov  4 01:46 5187.err
-rw-r--r--  1 codespace codespace       0 Nov  4 01:46 5187.out
-rw-r--r--  1 codespace codespace      41 Nov  4 01:46 5188.err
-rw-r--r--  1 codespace codespace       0 Nov  4 01:46 5188.out
-rw-r--r--  1 codespace codespace      58 Nov  4 01:46 5189.err
-rw-r--r--  1 codespace codespace       0 Nov  4 01:46 5189.out
-rw-r--r--  1 codespace codespace       0 Nov  4 01:46 5190.err
-rw-r--r--  1 codespace codespace       0 Nov  4 01:46 5190.out
-rw-r--r--  1 codespace codespace      41 Nov  4 01:46 5191.err
-rw-r--r--  1 codespace codespace       0 Nov  4 01:46 5191.out
-rw-r--r--  1 codespace codespace       0 Nov  4 01:46 5192.err
-rw-r--r--  1 codespace codespace       0 Nov  4 01:46 5192.out
-rw-r--r--  1 codespace codespace      41 Nov  4 01:46 5193.err
-rw-r--r--  1 codespace codespace       0 Nov  4 01:46 5193.out
-rw-r--r--  1 codespace codespace       0 Nov  4 01:46 5194.err
-rw-r--r--  1 codespace codespace     124 Nov  4 01:46 5194.out
-rw-r--r--  1 codespace codespace       0 Nov  4 01:46 5195.err
-rw-r--r--  1 codespace codespace       0 Nov  4 01:46 5195.out
-rw-r--r--  1 codespace codespace      41 Nov  4 01:46 5196.err
-rw-r--r--  1 codespace codespace       0 Nov  4 01:46 5196.out
-rw-r--r--  1 codespace codespace       0 Nov  4 01:46 5197.err
-rw-r--r--  1 codespace codespace      14 Nov  4 01:46 5197.out
-rw-r--r--  1 codespace codespace       0 Nov  4 01:46 5198.err
-rw-r--r--  1 codespace codespace       0 Nov  4 01:46 5198.out
-rw-r--r--  1 codespace codespace      41 Nov  4 01:46 5199.err
-rw-r--r--  1 codespace codespace       0 Nov  4 01:46 5199.out
-rw-r--r--  1 codespace codespace       0 Nov  4 01:46 5200.err
-rw-r--r--  1 codespace codespace   10431 Nov  4 01:46 5200.out
-rw-r--r--  1 codespace codespace       0 Nov  4 01:46 5201.err
-rw-r--r--  1 codespace codespace       0 Nov  4 01:46 5201.out
-rw-r--r--  1 codespace codespace      41 Nov  4 01:46 5202.err
-rw-r--r--  1 codespace codespace       0 Nov  4 01:46 5202.out
-rw-r--r--  1 codespace codespace       0 Nov  4 01:46 5203.err
-rw-r--r--  1 codespace codespace     119 Nov  4 01:46 5203.out
-rw-r--r--  1 codespace codespace       0 Nov  4 01:46 5204.err
-rw-r--r--  1 codespace codespace       0 Nov  4 01:46 5204.out
-rw-r--r--  1 codespace codespace      41 Nov  4 01:46 5205.err
-rw-r--r--  1 codespace codespace       0 Nov  4 01:46 5205.out
-rw-r--r--  1 codespace codespace      54 Nov  4 01:46 5206.err
-rw-r--r--  1 codespace codespace       0 Nov  4 01:46 5206.out
-rw-r--r--  1 codespace codespace       0 Nov  4 01:46 5207.err
-rw-r--r--  1 codespace codespace       0 Nov  4 01:46 5207.out
-rw-r--r--  1 codespace codespace      41 Nov  4 01:46 5208.err
-rw-r--r--  1 codespace codespace       0 Nov  4 01:46 5208.out
-rw-r--r--  1 codespace codespace       0 Nov  4 01:46 5209.err
-rw-r--r--  1 codespace codespace      29 Nov  4 01:46 5209.out
-rw-r--r--  1 codespace codespace       0 Nov  4 01:46 5210.err
-rw-r--r--  1 codespace codespace       0 Nov  4 01:46 5210.out
-rw-r--r--  1 codespace codespace      41 Nov  4 01:46 5211.err
-rw-r--r--  1 codespace codespace       0 Nov  4 01:46 5211.out
-rw-r--r--  1 codespace codespace       0 Nov  4 01:46 5212.err
-rw-r--r--  1 codespace codespace      19 Nov  4 01:46 5212.out
-rw-r--r--  1 codespace codespace       0 Nov  4 01:46 5213.err
-rw-r--r--  1 codespace codespace       0 Nov  4 01:46 5213.out
-rw-r--r--  1 codespace codespace      41 Nov  4 01:46 5214.err
-rw-r--r--  1 codespace codespace       0 Nov  4 01:46 5214.out
-rw-r--r--  1 codespace codespace      58 Nov  4 01:46 5215.err
-rw-r--r--  1 codespace codespace       0 Nov  4 01:46 5215.out
-rw-r--r--  1 codespace codespace       0 Nov  4 01:46 5216.err
-rw-r--r--  1 codespace codespace       0 Nov  4 01:46 5216.out
-rw-r--r--  1 codespace codespace      41 Nov  4 01:46 5217.err
-rw-r--r--  1 codespace codespace       0 Nov  4 01:46 5217.out
-rw-r--r--  1 codespace codespace       0 Nov  4 01:46 5218.err
-rw-r--r--  1 codespace codespace       0 Nov  4 01:46 5218.out
-rw-r--r--  1 codespace codespace      41 Nov  4 01:46 5219.err
-rw-r--r--  1 codespace codespace       0 Nov  4 01:46 5219.out
-rw-r--r--  1 codespace codespace       0 Nov  4 01:46 5220.err
-rw-r--r--  1 codespace codespace     124 Nov  4 01:46 5220.out
-rw-r--r--  1 codespace codespace       0 Nov  4 01:46 5221.err
-rw-r--r--  1 codespace codespace       0 Nov  4 01:46 5221.out
-rw-r--r--  1 codespace codespace      41 Nov  4 01:46 5222.err
-rw-r--r--  1 codespace codespace       0 Nov  4 01:46 5222.out
-rw-r--r--  1 codespace codespace       0 Nov  4 01:46 5223.err
-rw-r--r--  1 codespace codespace      14 Nov  4 01:46 5223.out
-rw-r--r--  1 codespace codespace       0 Nov  4 01:46 5224.err
-rw-r--r--  1 codespace codespace       0 Nov  4 01:46 5224.out
-rw-r--r--  1 codespace codespace      41 Nov  4 01:46 5236.err
-rw-r--r--  1 codespace codespace       0 Nov  4 01:46 5236.out
-rw-r--r--  1 codespace codespace       0 Nov  4 01:46 5237.err
-rw-r--r--  1 codespace codespace   13759 Nov  4 01:46 5237.out
-rw-r--r--  1 codespace codespace       0 Nov  4 01:46 5238.err
-rw-r--r--  1 codespace codespace       0 Nov  4 01:46 5238.out
-rw-r--r--  1 codespace codespace      41 Nov  4 01:46 5242.err
-rw-r--r--  1 codespace codespace       0 Nov  4 01:46 5242.out
-rw-r--r--  1 codespace codespace       0 Nov  4 01:46 5243.err
-rw-r--r--  1 codespace codespace     119 Nov  4 01:46 5243.out
-rw-r--r--  1 codespace codespace       0 Nov  4 01:46 5244.err
-rw-r--r--  1 codespace codespace       0 Nov  4 01:46 5244.out
-rw-r--r--  1 codespace codespace      41 Nov  4 01:46 5248.err
-rw-r--r--  1 codespace codespace       0 Nov  4 01:46 5248.out
-rw-r--r--  1 codespace codespace      54 Nov  4 01:46 5249.err
-rw-r--r--  1 codespace codespace       0 Nov  4 01:46 5249.out
-rw-r--r--  1 codespace codespace       0 Nov  4 01:46 5250.err
-rw-r--r--  1 codespace codespace       0 Nov  4 01:46 5250.out
-rw-r--r--  1 codespace codespace      41 Nov  4 01:46 5251.err
-rw-r--r--  1 codespace codespace       0 Nov  4 01:46 5251.out
-rw-r--r--  1 codespace codespace       0 Nov  4 01:46 5252.err
-rw-r--r--  1 codespace codespace      29 Nov  4 01:46 5252.out
-rw-r--r--  1 codespace codespace       0 Nov  4 01:46 5253.err
-rw-r--r--  1 codespace codespace       0 Nov  4 01:46 5253.out
-rw-r--r--  1 codespace codespace      41 Nov  4 01:46 5254.err
-rw-r--r--  1 codespace codespace       0 Nov  4 01:46 5254.out
-rw-r--r--  1 codespace codespace       0 Nov  4 01:46 5255.err
-rw-r--r--  1 codespace codespace      19 Nov  4 01:46 5255.out
-rw-r--r--  1 codespace codespace       0 Nov  4 01:46 5256.err
-rw-r--r--  1 codespace codespace       0 Nov  4 01:46 5256.out
-rw-r--r--  1 codespace codespace      41 Nov  4 01:46 5257.err
-rw-r--r--  1 codespace codespace       0 Nov  4 01:46 5257.out
-rw-r--r--  1 codespace codespace      58 Nov  4 01:46 5258.err
-rw-r--r--  1 codespace codespace       0 Nov  4 01:46 5258.out
-rw-r--r--  1 codespace codespace       0 Nov  4 01:46 5259.err
-rw-r--r--  1 codespace codespace       0 Nov  4 01:46 5259.out
-rw-r--r--  1 codespace codespace      41 Nov  4 01:46 5260.err
-rw-r--r--  1 codespace codespace       0 Nov  4 01:46 5260.out
-rw-r--r--  1 codespace codespace       0 Nov  4 01:46 5261.err
-rw-r--r--  1 codespace codespace       0 Nov  4 01:46 5261.out
-rw-r--r--  1 codespace codespace      41 Nov  4 01:46 5262.err
-rw-r--r--  1 codespace codespace       0 Nov  4 01:46 5262.out
-rw-r--r--  1 codespace codespace       0 Nov  4 01:46 5263.err
-rw-r--r--  1 codespace codespace     124 Nov  4 01:46 5263.out
-rw-r--r--  1 codespace codespace       0 Nov  4 01:46 5264.err
-rw-r--r--  1 codespace codespace       0 Nov  4 01:46 5264.out
-rw-r--r--  1 codespace codespace      41 Nov  4 01:46 5265.err
-rw-r--r--  1 codespace codespace       0 Nov  4 01:46 5265.out
-rw-r--r--  1 codespace codespace       0 Nov  4 01:46 5266.err
-rw-r--r--  1 codespace codespace      14 Nov  4 01:46 5266.out
-rw-r--r--  1 codespace codespace       0 Nov  4 01:46 5267.err
-rw-r--r--  1 codespace codespace       0 Nov  4 01:46 5267.out
-rw-r--r--  1 codespace codespace      41 Nov  4 01:46 5268.err
-rw-r--r--  1 codespace codespace       0 Nov  4 01:46 5268.out
-rw-r--r--  1 codespace codespace       0 Nov  4 01:46 5269.err
-rw-r--r--  1 codespace codespace   17087 Nov  4 01:46 5269.out
-rw-r--r--  1 codespace codespace       0 Nov  4 01:46 5270.err
-rw-r--r--  1 codespace codespace       0 Nov  4 01:46 5270.out
-rw-r--r--  1 codespace codespace      41 Nov  4 01:46 5271.err
-rw-r--r--  1 codespace codespace       0 Nov  4 01:46 5271.out
-rw-r--r--  1 codespace codespace       0 Nov  4 01:46 5272.err
-rw-r--r--  1 codespace codespace     119 Nov  4 01:46 5272.out
-rw-r--r--  1 codespace codespace       0 Nov  4 01:46 5273.err
-rw-r--r--  1 codespace codespace       0 Nov  4 01:46 5273.out
-rw-r--r--  1 codespace codespace      41 Nov  4 01:46 5280.err
-rw-r--r--  1 codespace codespace       0 Nov  4 01:46 5280.out
-rw-r--r--  1 codespace codespace      54 Nov  4 01:46 5281.err
-rw-r--r--  1 codespace codespace       0 Nov  4 01:46 5281.out
-rw-r--r--  1 codespace codespace       0 Nov  4 01:46 5282.err
-rw-r--r--  1 codespace codespace       0 Nov  4 01:46 5282.out
-rw-r--r--  1 codespace codespace      41 Nov  4 01:46 5283.err
-rw-r--r--  1 codespace codespace       0 Nov  4 01:46 5283.out
-rw-r--r--  1 codespace codespace       0 Nov  4 01:46 5284.err
-rw-r--r--  1 codespace codespace      29 Nov  4 01:46 5284.out
-rw-r--r--  1 codespace codespace       0 Nov  4 01:46 5285.err
-rw-r--r--  1 codespace codespace       0 Nov  4 01:46 5285.out
-rw-r--r--  1 codespace codespace      41 Nov  4 01:46 5286.err
-rw-r--r--  1 codespace codespace       0 Nov  4 01:46 5286.out
-rw-r--r--  1 codespace codespace       0 Nov  4 01:46 5287.err
-rw-r--r--  1 codespace codespace      19 Nov  4 01:46 5287.out
-rw-r--r--  1 codespace codespace       0 Nov  4 01:46 5288.err
-rw-r--r--  1 codespace codespace       0 Nov  4 01:46 5288.out
-rw-r--r--  1 codespace codespace      41 Nov  4 01:46 5289.err
-rw-r--r--  1 codespace codespace       0 Nov  4 01:46 5289.out
-rw-r--r--  1 codespace codespace      58 Nov  4 01:46 5290.err
-rw-r--r--  1 codespace codespace       0 Nov  4 01:46 5290.out
-rw-r--r--  1 codespace codespace       0 Nov  4 01:46 5291.err
-rw-r--r--  1 codespace codespace       0 Nov  4 01:46 5291.out
-rw-r--r--  1 codespace codespace      41 Nov  4 01:46 5292.err
-rw-r--r--  1 codespace codespace       0 Nov  4 01:46 5292.out
-rw-r--r--  1 codespace codespace       0 Nov  4 01:46 5293.err
-rw-r--r--  1 codespace codespace       0 Nov  4 01:46 5293.out
-rw-r--r--  1 codespace codespace      41 Nov  4 01:46 5294.err
-rw-r--r--  1 codespace codespace       0 Nov  4 01:46 5294.out
-rw-r--r--  1 codespace codespace       0 Nov  4 01:46 5295.err
-rw-r--r--  1 codespace codespace     124 Nov  4 01:46 5295.out
-rw-r--r--  1 codespace codespace       0 Nov  4 01:46 5296.err
-rw-r--r--  1 codespace codespace       0 Nov  4 01:46 5296.out
-rw-r--r--  1 codespace codespace      41 Nov  4 01:46 5297.err
-rw-r--r--  1 codespace codespace       0 Nov  4 01:46 5297.out
-rw-r--r--  1 codespace codespace       0 Nov  4 01:46 5298.err
-rw-r--r--  1 codespace codespace      14 Nov  4 01:46 5298.out
-rw-r--r--  1 codespace codespace       0 Nov  4 01:46 5299.err
-rw-r--r--  1 codespace codespace       0 Nov  4 01:46 5299.out
-rw-r--r--  1 codespace codespace      41 Nov  4 01:46 5300.err
-rw-r--r--  1 codespace codespace       0 Nov  4 01:46 5300.out
-rw-r--r--  1 codespace codespace       0 Nov  4 01:46 5301.err
-rw-r--r--  1 codespace codespace   20415 Nov  4 01:46 5301.out
-rw-r--r--  1 codespace codespace       0 Nov  4 01:46 5302.err
-rw-r--r--  1 codespace codespace       0 Nov  4 01:46 5302.out
-rw-r--r--  1 codespace codespace      41 Nov  4 01:46 5303.err
-rw-r--r--  1 codespace codespace       0 Nov  4 01:46 5303.out
-rw-r--r--  1 codespace codespace       0 Nov  4 01:46 5304.err
-rw-r--r--  1 codespace codespace     119 Nov  4 01:46 5304.out
-rw-r--r--  1 codespace codespace       0 Nov  4 01:46 5305.err
-rw-r--r--  1 codespace codespace       0 Nov  4 01:46 5305.out
-rw-r--r--  1 codespace codespace      41 Nov  4 01:46 5306.err
-rw-r--r--  1 codespace codespace       0 Nov  4 01:46 5306.out
-rw-r--r--  1 codespace codespace      54 Nov  4 01:46 5307.err
-rw-r--r--  1 codespace codespace       0 Nov  4 01:46 5307.out
-rw-r--r--  1 codespace codespace       0 Nov  4 01:46 5308.err
-rw-r--r--  1 codespace codespace       0 Nov  4 01:46 5308.out
-rw-r--r--  1 codespace codespace      41 Nov  4 01:46 5309.err
-rw-r--r--  1 codespace codespace       0 Nov  4 01:46 5309.out
-rw-r--r--  1 codespace codespace       0 Nov  4 01:46 5310.err
-rw-r--r--  1 codespace codespace      29 Nov  4 01:46 5310.out
-rw-r--r--  1 codespace codespace       0 Nov  4 01:46 5311.err
-rw-r--r--  1 codespace codespace       0 Nov  4 01:46 5311.out
-rw-r--r--  1 codespace codespace      41 Nov  4 01:46 5312.err
-rw-r--r--  1 codespace codespace       0 Nov  4 01:46 5312.out
-rw-r--r--  1 codespace codespace       0 Nov  4 01:46 5313.err
-rw-r--r--  1 codespace codespace      19 Nov  4 01:46 5313.out
-rw-r--r--  1 codespace codespace       0 Nov  4 01:46 5314.err
-rw-r--r--  1 codespace codespace       0 Nov  4 01:46 5314.out
-rw-r--r--  1 codespace codespace      41 Nov  4 01:46 5315.err
-rw-r--r--  1 codespace codespace       0 Nov  4 01:46 5315.out
-rw-r--r--  1 codespace codespace      58 Nov  4 01:46 5316.err
-rw-r--r--  1 codespace codespace       0 Nov  4 01:46 5316.out
-rw-r--r--  1 codespace codespace       0 Nov  4 01:46 5317.err
-rw-r--r--  1 codespace codespace       0 Nov  4 01:46 5317.out
-rw-r--r--  1 codespace codespace      41 Nov  4 01:46 5324.err
-rw-r--r--  1 codespace codespace       0 Nov  4 01:46 5324.out
-rw-r--r--  1 codespace codespace       0 Nov  4 01:46 5325.err
-rw-r--r--  1 codespace codespace       0 Nov  4 01:46 5325.out
-rw-r--r--  1 codespace codespace      41 Nov  4 01:46 5326.err
-rw-r--r--  1 codespace codespace       0 Nov  4 01:46 5326.out
-rw-r--r--  1 codespace codespace       0 Nov  4 01:46 5327.err
-rw-r--r--  1 codespace codespace     124 Nov  4 01:46 5327.out
-rw-r--r--  1 codespace codespace       0 Nov  4 01:46 5328.err
-rw-r--r--  1 codespace codespace       0 Nov  4 01:46 5328.out
-rw-r--r--  1 codespace codespace      41 Nov  4 01:46 5329.err
-rw-r--r--  1 codespace codespace       0 Nov  4 01:46 5329.out
-rw-r--r--  1 codespace codespace       0 Nov  4 01:46 5330.err
-rw-r--r--  1 codespace codespace      14 Nov  4 01:46 5330.out
-rw-r--r--  1 codespace codespace       0 Nov  4 01:46 5331.err
-rw-r--r--  1 codespace codespace       0 Nov  4 01:46 5331.out
-rw-r--r--  1 codespace codespace      41 Nov  4 01:46 5332.err
-rw-r--r--  1 codespace codespace       0 Nov  4 01:46 5332.out
-rw-r--r--  1 codespace codespace       0 Nov  4 01:46 5333.err
-rw-r--r--  1 codespace codespace   23743 Nov  4 01:46 5333.out
-rw-r--r--  1 codespace codespace       0 Nov  4 01:46 5334.err
-rw-r--r--  1 codespace codespace       0 Nov  4 01:46 5334.out
-rw-r--r--  1 codespace codespace      41 Nov  4 01:46 5335.err
-rw-r--r--  1 codespace codespace       0 Nov  4 01:46 5335.out
-rw-r--r--  1 codespace codespace       0 Nov  4 01:46 5336.err
-rw-r--r--  1 codespace codespace     119 Nov  4 01:46 5336.out
-rw-r--r--  1 codespace codespace       0 Nov  4 01:46 5337.err
-rw-r--r--  1 codespace codespace       0 Nov  4 01:46 5337.out
-rw-r--r--  1 codespace codespace      41 Nov  4 01:46 5338.err
-rw-r--r--  1 codespace codespace       0 Nov  4 01:46 5338.out
-rw-r--r--  1 codespace codespace      54 Nov  4 01:46 5339.err
-rw-r--r--  1 codespace codespace       0 Nov  4 01:46 5339.out
-rw-r--r--  1 codespace codespace       0 Nov  4 01:46 5340.err
-rw-r--r--  1 codespace codespace       0 Nov  4 01:46 5340.out
-rw-r--r--  1 codespace codespace      41 Nov  4 01:46 5341.err
-rw-r--r--  1 codespace codespace       0 Nov  4 01:46 5341.out
-rw-r--r--  1 codespace codespace       0 Nov  4 01:46 5342.err
-rw-r--r--  1 codespace codespace      29 Nov  4 01:46 5342.out
-rw-r--r--  1 codespace codespace       0 Nov  4 01:46 5343.err
-rw-r--r--  1 codespace codespace       0 Nov  4 01:46 5343.out
-rw-r--r--  1 codespace codespace      41 Nov  4 01:46 5344.err
-rw-r--r--  1 codespace codespace       0 Nov  4 01:46 5344.out
-rw-r--r--  1 codespace codespace       0 Nov  4 01:46 5345.err
-rw-r--r--  1 codespace codespace      19 Nov  4 01:46 5345.out
-rw-r--r--  1 codespace codespace       0 Nov  4 01:46 5346.err
-rw-r--r--  1 codespace codespace       0 Nov  4 01:46 5346.out
-rw-r--r--  1 codespace codespace      41 Nov  4 01:46 5347.err
-rw-r--r--  1 codespace codespace       0 Nov  4 01:46 5347.out
-rw-r--r--  1 codespace codespace      58 Nov  4 01:46 5348.err
-rw-r--r--  1 codespace codespace       0 Nov  4 01:46 5348.out
-rw-r--r--  1 codespace codespace       0 Nov  4 01:46 5349.err
-rw-r--r--  1 codespace codespace       0 Nov  4 01:46 5349.out
-rw-r--r--  1 codespace codespace      41 Nov  4 01:46 5350.err
-rw-r--r--  1 codespace codespace       0 Nov  4 01:46 5350.out
-rw-r--r--  1 codespace codespace       0 Nov  4 01:46 5351.err
-rw-r--r--  1 codespace codespace       0 Nov  4 01:46 5351.out
-rw-r--r--  1 codespace codespace      41 Nov  4 01:46 5352.err
-rw-r--r--  1 codespace codespace       0 Nov  4 01:46 5352.out
-rw-r--r--  1 codespace codespace       0 Nov  4 01:46 5353.err
-rw-r--r--  1 codespace codespace     124 Nov  4 01:46 5353.out
-rw-r--r--  1 codespace codespace       0 Nov  4 01:46 5354.err
-rw-r--r--  1 codespace codespace       0 Nov  4 01:46 5354.out
-rw-r--r--  1 codespace codespace      41 Nov  4 01:46 5355.err
-rw-r--r--  1 codespace codespace       0 Nov  4 01:46 5355.out
-rw-r--r--  1 codespace codespace       0 Nov  4 01:46 5356.err
-rw-r--r--  1 codespace codespace      14 Nov  4 01:46 5356.out
-rw-r--r--  1 codespace codespace       0 Nov  4 01:46 5357.err
-rw-r--r--  1 codespace codespace       0 Nov  4 01:46 5357.out
-rw-r--r--  1 codespace codespace      41 Nov  4 01:46 5358.err
-rw-r--r--  1 codespace codespace       0 Nov  4 01:46 5358.out
-rw-r--r--  1 codespace codespace       0 Nov  4 01:46 5359.err
-rw-r--r--  1 codespace codespace   27071 Nov  4 01:46 5359.out
-rw-r--r--  1 codespace codespace       0 Nov  4 01:46 5360.err
-rw-r--r--  1 codespace codespace       0 Nov  4 01:46 5360.out
-rw-r--r--  1 codespace codespace      41 Nov  4 01:46 5361.err
-rw-r--r--  1 codespace codespace       0 Nov  4 01:46 5361.out
-rw-r--r--  1 codespace codespace       0 Nov  4 01:46 5362.err
-rw-r--r--  1 codespace codespace     119 Nov  4 01:46 5362.out
-rw-r--r--  1 codespace codespace       0 Nov  4 01:46 5363.err
-rw-r--r--  1 codespace codespace       0 Nov  4 01:46 5363.out
-rw-r--r--  1 codespace codespace      41 Nov  4 01:46 5370.err
-rw-r--r--  1 codespace codespace       0 Nov  4 01:46 5370.out
-rw-r--r--  1 codespace codespace      54 Nov  4 01:46 5371.err
-rw-r--r--  1 codespace codespace       0 Nov  4 01:46 5371.out
-rw-r--r--  1 codespace codespace       0 Nov  4 01:46 5372.err
-rw-r--r--  1 codespace codespace       0 Nov  4 01:46 5372.out
-rw-r--r--  1 codespace codespace      41 Nov  4 01:46 5373.err
-rw-r--r--  1 codespace codespace       0 Nov  4 01:46 5373.out
-rw-r--r--  1 codespace codespace       0 Nov  4 01:46 5374.err
-rw-r--r--  1 codespace codespace      29 Nov  4 01:46 5374.out
-rw-r--r--  1 codespace codespace       0 Nov  4 01:46 5375.err
-rw-r--r--  1 codespace codespace       0 Nov  4 01:46 5375.out
-rw-r--r--  1 codespace codespace      41 Nov  4 01:46 5376.err
-rw-r--r--  1 codespace codespace       0 Nov  4 01:46 5376.out
-rw-r--r--  1 codespace codespace       0 Nov  4 01:46 5377.err
-rw-r--r--  1 codespace codespace      19 Nov  4 01:46 5377.out
-rw-r--r--  1 codespace codespace       0 Nov  4 01:46 5378.err
-rw-r--r--  1 codespace codespace       0 Nov  4 01:46 5378.out
-rw-r--r--  1 codespace codespace      41 Nov  4 01:46 5379.err
-rw-r--r--  1 codespace codespace       0 Nov  4 01:46 5379.out
-rw-r--r--  1 codespace codespace      58 Nov  4 01:46 5380.err
-rw-r--r--  1 codespace codespace       0 Nov  4 01:46 5380.out
-rw-r--r--  1 codespace codespace       0 Nov  4 01:46 5381.err
-rw-r--r--  1 codespace codespace       0 Nov  4 01:46 5381.out
-rw-r--r--  1 codespace codespace      41 Nov  4 01:46 5383.err
-rw-r--r--  1 codespace codespace       0 Nov  4 01:46 5383.out
-rw-r--r--  1 codespace codespace       0 Nov  4 01:46 5384.err
-rw-r--r--  1 codespace codespace       0 Nov  4 01:46 5384.out
-rw-r--r--  1 codespace codespace      41 Nov  4 01:46 5385.err
-rw-r--r--  1 codespace codespace       0 Nov  4 01:46 5385.out
-rw-r--r--  1 codespace codespace       0 Nov  4 01:46 5386.err
-rw-r--r--  1 codespace codespace     124 Nov  4 01:46 5386.out
-rw-r--r--  1 codespace codespace       0 Nov  4 01:46 5387.err
-rw-r--r--  1 codespace codespace       0 Nov  4 01:46 5387.out
-rw-r--r--  1 codespace codespace      41 Nov  4 01:46 5388.err
-rw-r--r--  1 codespace codespace       0 Nov  4 01:46 5388.out
-rw-r--r--  1 codespace codespace       0 Nov  4 01:46 5389.err
-rw-r--r--  1 codespace codespace      14 Nov  4 01:46 5389.out
-rw-r--r--  1 codespace codespace       0 Nov  4 01:46 5390.err
-rw-r--r--  1 codespace codespace       0 Nov  4 01:46 5390.out
-rw-r--r--  1 codespace codespace      41 Nov  4 01:46 5397.err
-rw-r--r--  1 codespace codespace       0 Nov  4 01:46 5397.out
-rw-r--r--  1 codespace codespace       0 Nov  4 01:46 5398.err
-rw-r--r--  1 codespace codespace   30399 Nov  4 01:46 5398.out
-rw-r--r--  1 codespace codespace       0 Nov  4 01:46 5399.err
-rw-r--r--  1 codespace codespace       0 Nov  4 01:46 5399.out
-rw-r--r--  1 codespace codespace      41 Nov  4 01:46 5400.err
-rw-r--r--  1 codespace codespace       0 Nov  4 01:46 5400.out
-rw-r--r--  1 codespace codespace       0 Nov  4 01:46 5401.err
-rw-r--r--  1 codespace codespace     119 Nov  4 01:46 5401.out
-rw-r--r--  1 codespace codespace       0 Nov  4 01:46 5402.err
-rw-r--r--  1 codespace codespace       0 Nov  4 01:46 5402.out
-rw-r--r--  1 codespace codespace      41 Nov  4 01:46 5403.err
-rw-r--r--  1 codespace codespace       0 Nov  4 01:46 5403.out
-rw-r--r--  1 codespace codespace      54 Nov  4 01:46 5404.err
-rw-r--r--  1 codespace codespace       0 Nov  4 01:46 5404.out
-rw-r--r--  1 codespace codespace       0 Nov  4 01:46 5405.err
-rw-r--r--  1 codespace codespace       0 Nov  4 01:46 5405.out
-rw-r--r--  1 codespace codespace      41 Nov  4 01:46 5406.err
-rw-r--r--  1 codespace codespace       0 Nov  4 01:46 5406.out
-rw-r--r--  1 codespace codespace       0 Nov  4 01:46 5407.err
-rw-r--r--  1 codespace codespace      29 Nov  4 01:46 5407.out
-rw-r--r--  1 codespace codespace       0 Nov  4 01:46 5408.err
-rw-r--r--  1 codespace codespace       0 Nov  4 01:46 5408.out
-rw-r--r--  1 codespace codespace      41 Nov  4 01:46 5409.err
-rw-r--r--  1 codespace codespace       0 Nov  4 01:46 5409.out
-rw-r--r--  1 codespace codespace       0 Nov  4 01:46 5410.err
-rw-r--r--  1 codespace codespace      19 Nov  4 01:46 5410.out
-rw-r--r--  1 codespace codespace       0 Nov  4 01:46 5411.err
-rw-r--r--  1 codespace codespace       0 Nov  4 01:46 5411.out
-rw-r--r--  1 codespace codespace      41 Nov  4 01:46 5412.err
-rw-r--r--  1 codespace codespace       0 Nov  4 01:46 5412.out
-rw-r--r--  1 codespace codespace      58 Nov  4 01:46 5413.err
-rw-r--r--  1 codespace codespace       0 Nov  4 01:46 5413.out
-rw-r--r--  1 codespace codespace       0 Nov  4 01:46 5414.err
-rw-r--r--  1 codespace codespace       0 Nov  4 01:46 5414.out
-rw-r--r--  1 codespace codespace      41 Nov  4 01:46 5415.err
-rw-r--r--  1 codespace codespace       0 Nov  4 01:46 5415.out
-rw-r--r--  1 codespace codespace       0 Nov  4 01:46 5416.err
-rw-r--r--  1 codespace codespace       0 Nov  4 01:46 5416.out
-rw-r--r--  1 codespace codespace      41 Nov  4 01:46 5417.err
-rw-r--r--  1 codespace codespace       0 Nov  4 01:46 5417.out
-rw-r--r--  1 codespace codespace       0 Nov  4 01:46 5418.err
-rw-r--r--  1 codespace codespace     124 Nov  4 01:46 5418.out
-rw-r--r--  1 codespace codespace       0 Nov  4 01:46 5419.err
-rw-r--r--  1 codespace codespace       0 Nov  4 01:46 5419.out
-rw-r--r--  1 codespace codespace      41 Nov  4 01:46 5420.err
-rw-r--r--  1 codespace codespace       0 Nov  4 01:46 5420.out
-rw-r--r--  1 codespace codespace       0 Nov  4 01:46 5422.err
-rw-r--r--  1 codespace codespace      14 Nov  4 01:46 5422.out
-rw-r--r--  1 codespace codespace       0 Nov  4 01:46 5423.err
-rw-r--r--  1 codespace codespace       0 Nov  4 01:46 5423.out
-rw-r--r--  1 codespace codespace      41 Nov  4 01:46 5424.err
-rw-r--r--  1 codespace codespace       0 Nov  4 01:46 5424.out
-rw-r--r--  1 codespace codespace       0 Nov  4 01:46 5425.err
-rw-r--r--  1 codespace codespace       0 Nov  4 01:46 5425.out
-rw-rw-rw-  1 codespace root           63 Oct  7 03:36 README.md
-rw-rw-rw-  1 codespace codespace    4860 Oct  7 04:10 advanced_file_traverser.c
-rw-rw-rw-  1 codespace codespace   14792 Oct 26 20:33 advanced_file_traverser.o
-rwxrwxrwx  1 codespace codespace   17936 Oct  7 02:24 ass_02
-rw-rw-rw-  1 codespace codespace     512 Nov  4 01:46 commands.txt
-rwxrwxrwx  1 codespace codespace   22536 Oct 26 20:34 ffd_desc
-rw-rw-rw-  1 codespace codespace    3588 Oct 26 20:44 ffd_desc.c
-rw-rw-rw-  1 codespace codespace   13616 Oct 26 20:33 ffd_desc.o
-rw-rw-rw-  1 codespace codespace      20 Sep 22 10:52 file1.txt
-rw-rw-rw-  1 codespace codespace      20 Sep 23 00:18 file2.txt
-rw-rw-rw-  1 codespace codespace    1800 Sep 22 11:05 file_merge.c
-rw-rw-rw-  1 codespace codespace    1454 Sep 29 00:16 file_traverser.c
-rwxrwxrwx  1 codespace codespace   17072 Sep 22 11:04 filemerger
-rwxrwxrwx  1 codespace codespace   17136 Oct 27 02:16 forkexecvp
-rwxrwxrwx  1 codespace codespace   16744 Aug 29 20:56 hello
-rw-rw-rw-  1 codespace codespace       0 Aug 29 20:45 hello2.c
drwxrwxrwx+ 3 codespace codespace    4096 Sep 27 04:10 helloFolder
-rwxrwxrwx  1 codespace codespace   17256 Oct 13 17:15 hw1
-rw-rw-rw-  1 codespace codespace      16 Oct 13 17:18 input_file.txt
-rwxrwxrwx  1 codespace codespace   16848 Sep  8 19:26 insertion_sort
-rw-rw-rw-  1 codespace codespace    1875 Sep 14 22:36 insertion_sort.c
-rw-rw-rw-  1 codespace codespace    4712 Sep 15 04:42 insertion_sort_alphabet.c
-rwxrwxrwx  1 codespace codespace   17512 Nov  4 01:45 lab10_solution
-rw-rw-rw-  1 codespace codespace    1323 Oct 13 20:08 lab_07.c
-rw-rw-rw-  1 codespace codespace    1926 Oct 27 02:14 lab_09.c
-rw-rw-rw-  1 codespace codespace    2468 Nov  4 01:41 lab_10.c
-rwxrwxrwx  1 codespace codespace   17496 Oct  6 01:12 lab_o6
-rw-rw-rw-  1 codespace codespace 2659124 Oct  6 00:15 listings.csv
-rw-rw-rw-  1 codespace codespace     375 Oct  7 03:26 makefile
-rw-rw-rw-  1 codespace codespace     452 Oct 26 20:34 makefile2
-rw-rw-rw-  1 codespace codespace   17246 Nov  4 01:46 output.log
-rw-rw-rw-  1 codespace codespace    4958 Oct  6 01:13 parse_csv.c
-rwxrwxrwx  1 codespace codespace   16840 Sep  8 16:16 prime
-rw-rw-rw-  1 codespace codespace     850 Sep  8 16:16 prime.c
-rw-rw-rw-  1 codespace codespace 2416493 Oct  6 01:12 sorted_by_host_name.csv
-rw-rw-rw-  1 codespace codespace 2416493 Oct  6 01:12 sorted_by_price.csv
-rw-rw-rw-  1 codespace codespace   11622 Sep 13 23:48 syshomework1.c
-rwxrwxrwx  1 codespace codespace   17144 Sep 29 00:14 t
-rwxrwxrwx  1 codespace codespace   16888 Sep 27 03:59 t101
-rwxrwxrwx  1 codespace codespace   17448 Sep 15 04:42 ta
-rwxrwxrwx  1 codespace codespace   23288 Oct 26 20:33 traverse
