total 9672
-rw-r--r--  1 codespace codespace      41 Nov  4 01:46 5079.err
-rw-r--r--  1 codespace codespace       0 Nov  4 01:46 5079.out
-rw-r--r--  1 codespace codespace       0 Nov  4 01:46 5080.err
-rw-r--r--  1 codespace codespace     124 Nov  4 01:46 5080.out
-rw-r--r--  1 codespace codespace       0 Nov  4 01:46 5081.err
-rw-r--r--  1 codespace codespace       0 Nov  4 01:46 5081.out
-rw-r--r--  1 codespace codespace      41 Nov  4 01:46 5112.err
-rw-r--r--  1 codespace codespace       0 Nov  4 01:46 5112.out
-rw-r--r--  1 codespace codespace       0 Nov  4 01:46 5113.err
-rw-r--r--  1 codespace codespace      14 Nov  4 01:46 5113.out
-rw-r--r--  1 codespace codespace       0 Nov  4 01:46 5114.err
-rw-r--r--  1 codespace codespace       0 Nov  4 01:46 5114.out
-rw-r--r--  1 codespace codespace      41 Nov  4 01:46 5115.err
-rw-r--r--  1 codespace codespace       0 Nov  4 01:46 5115.out
-rw-r--r--  1 codespace codespace       0 Nov  4 01:46 5116.err
-rw-r--r--  1 codespace codespace    3775 Nov  4 01:46 5116.out
-rw-r--r--  1 codespace codespace       0 Nov  4 01:46 5117.err
-rw-r--r--  1 codespace codespace       0 Nov  4 01:46 5117.out
-rw-r--r--  1 codespace codespace      41 Nov  4 01:46 5118.err
-rw-r--r--  1 codespace codespace       0 Nov  4 01:46 5118.out
-rw-r--r--  1 codespace codespace       0 Nov  4 01:46 5119.err
-rw-r--r--  1 codespace codespace     119 Nov  4 01:46 5119.out
-rw-r--r--  1 codespace codespace       0 Nov  4 01:46 5120.err
-rw-r--r--  1 codespace codespace       0 Nov  4 01:46 5120.out
-rw-r--r--  1 codespace codespace      41 Nov  4 01:46 5121.err
-rw-r--r--  1 codespace codespace       0 Nov  4 01:46 5121.out
-rw-r--r--  1 codespace codespace      54 Nov  4 01:46 5122.err
-rw-r--r--  1 codespace codespace       0 Nov  4 01:46 5122.out
-rw-r--r--  1 codespace codespace       0 Nov  4 01:46 5123.err
-rw-r--r--  1 codespace codespace       0 Nov  4 01:46 5123.out
-rw-r--r--  1 codespace codespace      41 Nov  4 01:46 5124.err
-rw-r--r--  1 codespace codespace       0 Nov  4 01:46 5124.out
-rw-r--r--  1 codespace codespace       0 Nov  4 01:46 5125.err
-rw-r--r--  1 codespace codespace      29 Nov  4 01:46 5125.out
-rw-r--r--  1 codespace codespace       0 Nov  4 01:46 5126.err
-rw-r--r--  1 codespace codespace       0 Nov  4 01:46 5126.out
-rw-r--r--  1 codespace codespace      41 Nov  4 01:46 5127.err
-rw-r--r--  1 codespace codespace       0 Nov  4 01:46 5127.out
-rw-r--r--  1 codespace codespace       0 Nov  4 01:46 5128.err
-rw-r--r--  1 codespace codespace      19 Nov  4 01:46 5128.out
-rw-r--r--  1 codespace codespace       0 Nov  4 01:46 5129.err
-rw-r--r--  1 codespace codespace       0 Nov  4 01:46 5129.out
-rw-r--r--  1 codespace codespace      41 Nov  4 01:46 5130.err
-rw-r--r--  1 codespace codespace       0 Nov  4 01:46 5130.out
-rw-r--r--  1 codespace codespace      58 Nov  4 01:46 5131.err
-rw-r--r--  1 codespace codespace       0 Nov  4 01:46 5131.out
-rw-r--r--  1 codespace codespace       0 Nov  4 01:46 5132.err
-rw-r--r--  1 codespace codespace       0 Nov  4 01:46 5132.out
-rw-r--r--  1 codespace codespace      41 Nov  4 01:46 5133.err
-rw-r--r--  1 codespace codespace       0 Nov  4 01:46 5133.out
-rw-r--r--  1 codespace codespace       0 Nov  4 01:46 5134.err
-rw-r--r--  1 codespace codespace       0 Nov  4 01:46 5134.out
-rw-r--r--  1 codespace codespace      41 Nov  4 01:46 5135.err
-rw-r--r--  1 codespace codespace       0 Nov  4 01:46 5135.out
-rw-r--r--  1 codespace codespace       0 Nov  4 01:46 5136.err
-rw-r--r--  1 codespace codespace     124 Nov  4 01:46 5136.out
-rw-r--r--  1 codespace codespace       0 Nov  4 01:46 5137.err
-rw-r--r--  1 codespace codespace       0 Nov  4 01:46 5137.out
-rw-r--r--  1 codespace codespace      41 Nov  4 01:46 5144.err
-rw-r--r--  1 codespace codespace       0 Nov  4 01:46 5144.out
-rw-r--r--  1 codespace codespace       0 Nov  4 01:46 5145.err
-rw-r--r--  1 codespace codespace      14 Nov  4 01:46 5145.out
-rw-r--r--  1 codespace codespace       0 Nov  4 01:46 5146.err
-rw-r--r--  1 codespace codespace       0 Nov  4 01:46 5146.out
-rw-r--r--  1 codespace codespace      41 Nov  4 01:46 5153.err
-rw-r--r--  1 codespace codespace       0 Nov  4 01:46 5153.out
-rw-r--r--  1 codespace codespace       0 Nov  4 01:46 5154.err
-rw-r--r--  1 codespace codespace    7103 Nov  4 01:46 5154.out
-rw-r--r--  1 codespace codespace       0 Nov  4 01:46 5155.err
-rw-r--r--  1 codespace codespace       0 Nov  4 01:46 5155.out
-rw-r--r--  1 codespace codespace      41 Nov  4 01:46 5162.err
-rw-r--r--  1 codespace codespace       0 Nov  4 01:46 5162.out
-rw-r--r--  1 codespace codespace       0 Nov  4 01:46 5163.err
-rw-r--r--  1 codespace codespace     119 Nov  4 01:46 5163.out
-rw-r--r--  1 codespace codespace       0 Nov  4 01:46 5164.err
-rw-r--r--  1 codespace codespace       0 Nov  4 01:46 5164.out
-rw-r--r--  1 codespace codespace      41 Nov  4 01:46 5172.err
-rw-r--r--  1 codespace codespace       0 Nov  4 01:46 5172.out
-rw-r--r--  1 codespace codespace      54 Nov  4 01:46 5173.err
-rw-r--r--  1 codespace codespace       0 Nov  4 01:46 5173.out
-rw-r--r--  1 codespace codespace       0 Nov  4 01:46 5174.err
-rw-r--r--  1 codespace codespace       0 Nov  4 01:46 5174.out
-rw-r--r--  1 codespace codespace      41 Nov  4 01:46 5181.err
-rw-r--r--  1 codespace codespace       0 Nov  4 01:46 5181.out
-rw-r--r--  1 codespace codespace       0 Nov  4 01:46 5182.err
-rw-r--r--  1 codespace codespace      29 Nov  4 01:46 5182.out
-rw-r--r--  1 codespace codespace       0 Nov  4 01:46 5183.err
-rw-r--r--  1 codespace codespace       0 Nov  4 01:46 5183.out
-rw-r--r--  1 codespace codespace      41 Nov  4 01:46 5185.err
-rw-r--r--  1 codespace codespace       0 Nov  4 01:46 5185.out
-rw-r--r--  1 codespace codespace       0 Nov  4 01:46 5186.err
-rw-r--r--  1 codespace codespace      19 Nov  4 01:46 5186.out
-rw-r--r--  1 codespace codespace       0 Nov  4 01:46 5187.err
-rw-r--r--  1 codespace codespace       0 Nov  4 01:46 5187.out
-rw-r--r--  1 codespace codespace      41 Nov  4 01:46 5188.err
-rw-r--r--  1 codespace codespace       0 Nov  4 01:46 5188.out
-rw-r--r--  1 codespace codespace      58 Nov  4 01:46 5189.err
-rw-r--r--  1 codespace codespace       0 Nov  4 01:46 5189.out
-rw-r--r--  1 codespace codespace       0 Nov  4 01:46 5190.err
-rw-r--r--  1 codespace codespace       0 Nov  4 01:46 5190.out
-rw-r--r--  1 codespace codespace      41 Nov  4 01:46 5191.err
-rw-r--r--  1 codespace codespace       0 Nov  4 01:46 5191.out
-rw-r--r--  1 codespace codespace       0 Nov  4 01:46 5192.err
-rw-r--r--  1 codespace codespace       0 Nov  4 01:46 5192.out
-rw-r--r--  1 codespace codespace      41 Nov  4 01:46 5193.err
-rw-r--r--  1 codespace codespace       0 Nov  4 01:46 5193.out
-rw-r--r--  1 codespace codespace       0 Nov  4 01:46 5194.err
-rw-r--r--  1 codespace codespace     124 Nov  4 01:46 5194.out
-rw-r--r--  1 codespace codespace       0 Nov  4 01:46 5195.err
-rw-r--r--  1 codespace codespace       0 Nov  4 01:46 5195.out
-rw-r--r--  1 codespace codespace      41 Nov  4 01:46 5196.err
-rw-r--r--  1 codespace codespace       0 Nov  4 01:46 5196.out
-rw-r--r--  1 codespace codespace       0 Nov  4 01:46 5197.err
-rw-r--r--  1 codespace codespace      14 Nov  4 01:46 5197.out
-rw-r--r--  1 codespace codespace       0 Nov  4 01:46 5198.err
-rw-r--r--  1 codespace codespace       0 Nov  4 01:46 5198.out
-rw-r--r--  1 codespace codespace      41 Nov  4 01:46 5199.err
-rw-r--r--  1 codespace codespace       0 Nov  4 01:46 5199.out
-rw-r--r--  1 codespace codespace       0 Nov  4 01:46 5200.err
-rw-r--r--  1 codespace codespace   10431 Nov  4 01:46 5200.out
-rw-r--r--  1 codespace codespace       0 Nov  4 01:46 5201.err
-rw-r--r--  1 codespace codespace       0 Nov  4 01:46 5201.out
-rw-r--r--  1 codespace codespace      41 Nov  4 01:46 5202.err
-rw-r--r--  1 codespace codespace       0 Nov  4 01:46 5202.out
-rw-r--r--  1 codespace codespace       0 Nov  4 01:46 5203.err
-rw-r--r--  1 codespace codespace     119 Nov  4 01:46 5203.out
-rw-r--r--  1 codespace codespace       0 Nov  4 01:46 5204.err
-rw-r--r--  1 codespace codespace       0 Nov  4 01:46 5204.out
-rw-r--r--  1 codespace codespace      41 Nov  4 01:46 5205.err
-rw-r--r--  1 codespace codespace       0 Nov  4 01:46 5205.out
-rw-r--r--  1 codespace codespace      54 Nov  4 01:46 5206.err
-rw-r--r--  1 codespace codespace       0 Nov  4 01:46 5206.out
-rw-r--r--  1 codespace codespace       0 Nov  4 01:46 5207.err
-rw-r--r--  1 codespace codespace       0 Nov  4 01:46 5207.out
-rw-r--r--  1 codespace codespace      41 Nov  4 01:46 5208.err
-rw-r--r--  1 codespace codespace       0 Nov  4 01:46 5208.out
-rw-r--r--  1 codespace codespace       0 Nov  4 01:46 5209.err
-rw-r--r--  1 codespace codespace      29 Nov  4 01:46 5209.out
-rw-r--r--  1 codespace codespace       0 Nov  4 01:46 5210.err
-rw-r--r--  1 codespace codespace       0 Nov  4 01:46 5210.out
-rw-r--r--  1 codespace codespace      41 Nov  4 01:46 5211.err
-rw-r--r--  1 codespace codespace       0 Nov  4 01:46 5211.out
-rw-r--r--  1 codespace codespace       0 Nov  4 01:46 5212.err
-rw-r--r--  1 codespace codespace      19 Nov  4 01:46 5212.out
-rw-r--r--  1 codespace codespace       0 Nov  4 01:46 5213.err
-rw-r--r--  1 codespace codespace       0 Nov  4 01:46 5213.out
-rw-r--r--  1 codespace codespace      41 Nov  4 01:46 5214.err
-rw-r--r--  1 codespace codespace       0 Nov  4 01:46 5214.out
-rw-r--r--  1 codespace codespace      58 Nov  4 01:46 5215.err
-rw-r--r--  1 codespace codespace       0 Nov  4 01:46 5215.out
-rw-r--r--  1 codespace codespace       0 Nov  4 01:46 5216.err
-rw-r--r--  1 codespace codespace       0 Nov  4 01:46 5216.out
-rw-r--r--  1 codespace codespace      41 Nov  4 01:46 5217.err
-rw-r--r--  1 codespace codespace       0 Nov  4 01:46 5217.out
-rw-r--r--  1 codespace codespace       0 Nov  4 01:46 5218.err
-rw-r--r--  1 codespace codespace       0 Nov  4 01:46 5218.out
-rw-r--r--  1 codespace codespace      41 Nov  4 01:46 5219.err
-rw-r--r--  1 codespace codespace       0 Nov  4 01:46 5219.out
-rw-r--r--  1 codespace codespace       0 Nov  4 01:46 5220.err
-rw-r--r--  1 codespace codespace     124 Nov  4 01:46 5220.out
-rw-r--r--  1 codespace codespace       0 Nov  4 01:46 5221.err
-rw-r--r--  1 codespace codespace       0 Nov  4 01:46 5221.out
-rw-r--r--  1 codespace codespace      41 Nov  4 01:46 5222.err
-rw-r--r--  1 codespace codespace       0 Nov  4 01:46 5222.out
-rw-r--r--  1 codespace codespace       0 Nov  4 01:46 5223.err
-rw-r--r--  1 codespace codespace      14 Nov  4 01:46 5223.out
-rw-r--r--  1 codespace codespace       0 Nov  4 01:46 5224.err
-rw-r--r--  1 codespace codespace       0 Nov  4 01:46 5224.out
-rw-r--r--  1 codespace codespace      41 Nov  4 01:46 5236.err
-rw-r--r--  1 codespace codespace       0 Nov  4 01:46 5236.out
-rw-r--r--  1 codespace codespace       0 Nov  4 01:46 5237.err
-rw-r--r--  1 codespace codespace   13759 Nov  4 01:46 5237.out
-rw-r--r--  1 codespace codespace       0 Nov  4 01:46 5238.err
-rw-r--r--  1 codespace codespace       0 Nov  4 01:46 5238.out
-rw-r--r--  1 codespace codespace      41 Nov  4 01:46 5242.err
-rw-r--r--  1 codespace codespace       0 Nov  4 01:46 5242.out
-rw-r--r--  1 codespace codespace       0 Nov  4 01:46 5243.err
-rw-r--r--  1 codespace codespace     119 Nov  4 01:46 5243.out
-rw-r--r--  1 codespace codespace       0 Nov  4 01:46 5244.err
-rw-r--r--  1 codespace codespace       0 Nov  4 01:46 5244.out
-rw-r--r--  1 codespace codespace      41 Nov  4 01:46 5248.err
-rw-r--r--  1 codespace codespace       0 Nov  4 01:46 5248.out
-rw-r--r--  1 codespace codespace      54 Nov  4 01:46 5249.err
-rw-r--r--  1 codespace codespace       0 Nov  4 01:46 5249.out
-rw-r--r--  1 codespace codespace       0 Nov  4 01:46 5250.err
-rw-r--r--  1 codespace codespace       0 Nov  4 01:46 5250.out
-rw-r--r--  1 codespace codespace      41 Nov  4 01:46 5251.err
-rw-r--r--  1 codespace codespace       0 Nov  4 01:46 5251.out
-rw-r--r--  1 codespace codespace       0 Nov  4 01:46 5252.err
-rw-r--r--  1 codespace codespace      29 Nov  4 01:46 5252.out
-rw-r--r--  1 codespace codespace       0 Nov  4 01:46 5253.err
-rw-r--r--  1 codespace codespace       0 Nov  4 01:46 5253.out
-rw-r--r--  1 codespace codespace      41 Nov  4 01:46 5254.err
-rw-r--r--  1 codespace codespace       0 Nov  4 01:46 5254.out
-rw-r--r--  1 codespace codespace       0 Nov  4 01:46 5255.err
-rw-r--r--  1 codespace codespace      19 Nov  4 01:46 5255.out
-rw-r--r--  1 codespace codespace       0 Nov  4 01:46 5256.err
-rw-r--r--  1 codespace codespace       0 Nov  4 01:46 5256.out
-rw-r--r--  1 codespace codespace      41 Nov  4 01:46 5257.err
-rw-r--r--  1 codespace codespace       0 Nov  4 01:46 5257.out
-rw-r--r--  1 codespace codespace      58 Nov  4 01:46 5258.err
-rw-r--r--  1 codespace codespace       0 Nov  4 01:46 5258.out
-rw-r--r--  1 codespace codespace       0 Nov  4 01:46 5259.err
-rw-r--r--  1 codespace codespace       0 Nov  4 01:46 5259.out
-rw-r--r--  1 codespace codespace      41 Nov  4 01:46 5260.err
-rw-r--r--  1 codespace codespace       0 Nov  4 01:46 5260.out
-rw-r--r--  1 codespace codespace       0 Nov  4 01:46 5261.err
-rw-r--r--  1 codespace codespace       0 Nov  4 01:46 5261.out
-rw-r--r--  1 codespace codespace      41 Nov  4 01:46 5262.err
-rw-r--r--  1 codespace codespace       0 Nov  4 01:46 5262.out
-rw-r--r--  1 codespace codespace       0 Nov  4 01:46 5263.err
-rw-r--r--  1 codespace codespace     124 Nov  4 01:46 5263.out
-rw-r--r--  1 codespace codespace       0 Nov  4 01:46 5264.err
-rw-r--r--  1 codespace codespace       0 Nov  4 01:46 5264.out
-rw-r--r--  1 codespace codespace      41 Nov  4 01:46 5265.err
-rw-r--r--  1 codespace codespace       0 Nov  4 01:46 5265.out
-rw-r--r--  1 codespace codespace       0 Nov  4 01:46 5266.err
-rw-r--r--  1 codespace codespace      14 Nov  4 01:46 5266.out
-rw-r--r--  1 codespace codespace       0 Nov  4 01:46 5267.err
-rw-r--r--  1 codespace codespace       0 Nov  4 01:46 5267.out
-rw-r--r--  1 codespace codespace      41 Nov  4 01:46 5268.err
-rw-r--r--  1 codespace codespace       0 Nov  4 01:46 5268.out
-rw-r--r--  1 codespace codespace       0 Nov  4 01:46 5269.err
-rw-r--r--  1 codespace codespace   17087 Nov  4 01:46 5269.out
-rw-r--r--  1 codespace codespace       0 Nov  4 01:46 5270.err
-rw-r--r--  1 codespace codespace       0 Nov  4 01:46 5270.out
-rw-r--r--  1 codespace codespace      41 Nov  4 01:46 5271.err
-rw-r--r--  1 codespace codespace       0 Nov  4 01:46 5271.out
-rw-r--r--  1 codespace codespace       0 Nov  4 01:46 5272.err
-rw-r--r--  1 codespace codespace     119 Nov  4 01:46 5272.out
-rw-r--r--  1 codespace codespace       0 Nov  4 01:46 5273.err
-rw-r--r--  1 codespace codespace       0 Nov  4 01:46 5273.out
-rw-r--r--  1 codespace codespace      41 Nov  4 01:46 5280.err
-rw-r--r--  1 codespace codespace       0 Nov  4 01:46 5280.out
-rw-r--r--  1 codespace codespace      54 Nov  4 01:46 5281.err
-rw-r--r--  1 codespace codespace       0 Nov  4 01:46 5281.out
-rw-r--r--  1 codespace codespace       0 Nov  4 01:46 5282.err
-rw-r--r--  1 codespace codespace       0 Nov  4 01:46 5282.out
-rw-r--r--  1 codespace codespace      41 Nov  4 01:46 5283.err
-rw-r--r--  1 codespace codespace       0 Nov  4 01:46 5283.out
-rw-r--r--  1 codespace codespace       0 Nov  4 01:46 5284.err
-rw-r--r--  1 codespace codespace      29 Nov  4 01:46 5284.out
-rw-r--r--  1 codespace codespace       0 Nov  4 01:46 5285.err
-rw-r--r--  1 codespace codespace       0 Nov  4 01:46 5285.out
-rw-r--r--  1 codespace codespace      41 Nov  4 01:46 5286.err
-rw-r--r--  1 codespace codespace       0 Nov  4 01:46 5286.out
-rw-r--r--  1 codespace codespace       0 Nov  4 01:46 5287.err
-rw-r--r--  1 codespace codespace      19 Nov  4 01:46 5287.out
-rw-r--r--  1 codespace codespace       0 Nov  4 01:46 5288.err
-rw-r--r--  1 codespace codespace       0 Nov  4 01:46 5288.out
-rw-r--r--  1 codespace codespace      41 Nov  4 01:46 5289.err
-rw-r--r--  1 codespace codespace       0 Nov  4 01:46 5289.out
-rw-r--r--  1 codespace codespace      58 Nov  4 01:46 5290.err
-rw-r--r--  1 codespace codespace       0 Nov  4 01:46 5290.out
-rw-r--r--  1 codespace codespace       0 Nov  4 01:46 5291.err
-rw-r--r--  1 codespace codespace       0 Nov  4 01:46 5291.out
-rw-r--r--  1 codespace codespace      41 Nov  4 01:46 5292.err
-rw-r--r--  1 codespace codespace       0 Nov  4 01:46 5292.out
-rw-r--r--  1 codespace codespace       0 Nov  4 01:46 5293.err
-rw-r--r--  1 codespace codespace       0 Nov  4 01:46 5293.out
-rw-r--r--  1 codespace codespace      41 Nov  4 01:46 5294.err
-rw-r--r--  1 codespace codespace       0 Nov  4 01:46 5294.out
-rw-r--r--  1 codespace codespace       0 Nov  4 01:46 5295.err
-rw-r--r--  1 codespace codespace     124 Nov  4 01:46 5295.out
-rw-r--r--  1 codespace codespace       0 Nov  4 01:46 5296.err
-rw-r--r--  1 codespace codespace       0 Nov  4 01:46 5296.out
-rw-r--r--  1 codespace codespace      41 Nov  4 01:46 5297.err
-rw-r--r--  1 codespace codespace       0 Nov  4 01:46 5297.out
-rw-r--r--  1 codespace codespace       0 Nov  4 01:46 5298.err
-rw-r--r--  1 codespace codespace      14 Nov  4 01:46 5298.out
-rw-r--r--  1 codespace codespace       0 Nov  4 01:46 5299.err
-rw-r--r--  1 codespace codespace       0 Nov  4 01:46 5299.out
-rw-r--r--  1 codespace codespace      41 Nov  4 01:46 5300.err
-rw-r--r--  1 codespace codespace       0 Nov  4 01:46 5300.out
-rw-r--r--  1 codespace codespace       0 Nov  4 01:46 5301.err
-rw-r--r--  1 codespace codespace   20415 Nov  4 01:46 5301.out
-rw-r--r--  1 codespace codespace       0 Nov  4 01:46 5302.err
-rw-r--r--  1 codespace codespace       0 Nov  4 01:46 5302.out
-rw-r--r--  1 codespace codespace      41 Nov  4 01:46 5303.err
-rw-r--r--  1 codespace codespace       0 Nov  4 01:46 5303.out
-rw-r--r--  1 codespace codespace       0 Nov  4 01:46 5304.err
-rw-r--r--  1 codespace codespace     119 Nov  4 01:46 5304.out
-rw-r--r--  1 codespace codespace       0 Nov  4 01:46 5305.err
-rw-r--r--  1 codespace codespace       0 Nov  4 01:46 5305.out
-rw-r--r--  1 codespace codespace      41 Nov  4 01:46 5306.err
-rw-r--r--  1 codespace codespace       0 Nov  4 01:46 5306.out
-rw-r--r--  1 codespace codespace      54 Nov  4 01:46 5307.err
-rw-r--r--  1 codespace codespace       0 Nov  4 01:46 5307.out
-rw-r--r--  1 codespace codespace       0 Nov  4 01:46 5308.err
-rw-r--r--  1 codespace codespace       0 Nov  4 01:46 5308.out
-rw-r--r--  1 codespace codespace      41 Nov  4 01:46 5309.err
-rw-r--r--  1 codespace codespace       0 Nov  4 01:46 5309.out
-rw-r--r--  1 codespace codespace       0 Nov  4 01:46 5310.err
-rw-r--r--  1 codespace codespace      29 Nov  4 01:46 5310.out
-rw-r--r--  1 codespace codespace       0 Nov  4 01:46 5311.err
-rw-r--r--  1 codespace codespace       0 Nov  4 01:46 5311.out
-rw-r--r--  1 codespace codespace      41 Nov  4 01:46 5312.err
-rw-r--r--  1 codespace codespace       0 Nov  4 01:46 5312.out
-rw-r--r--  1 codespace codespace       0 Nov  4 01:46 5313.err
-rw-r--r--  1 codespace codespace      19 Nov  4 01:46 5313.out
-rw-r--r--  1 codespace codespace       0 Nov  4 01:46 5314.err
-rw-r--r--  1 codespace codespace       0 Nov  4 01:46 5314.out
-rw-r--r--  1 codespace codespace      41 Nov  4 01:46 5315.err
-rw-r--r--  1 codespace codespace       0 Nov  4 01:46 5315.out
-rw-r--r--  1 codespace codespace      58 Nov  4 01:46 5316.err
-rw-r--r--  1 codespace codespace       0 Nov  4 01:46 5316.out
-rw-r--r--  1 codespace codespace       0 Nov  4 01:46 5317.err
-rw-r--r--  1 codespace codespace       0 Nov  4 01:46 5317.out
-rw-r--r--  1 codespace codespace      41 Nov  4 01:46 5324.err
-rw-r--r--  1 codespace codespace       0 Nov  4 01:46 5324.out
-rw-r--r--  1 codespace codespace       0 Nov  4 01:46 5325.err
-rw-r--r--  1 codespace codespace       0 Nov  4 01:46 5325.out
-rw-r--r--  1 codespace codespace      41 Nov  4 01:46 5326.err
-rw-r--r--  1 codespace codespace       0 Nov  4 01:46 5326.out
-rw-r--r--  1 codespace codespace       0 Nov  4 01:46 5327.err
-rw-r--r--  1 codespace codespace     124 Nov  4 01:46 5327.out
-rw-r--r--  1 codespace codespace       0 Nov  4 01:46 5328.err
-rw-r--r--  1 codespace codespace       0 Nov  4 01:46 5328.out
-rw-r--r--  1 codespace codespace      41 Nov  4 01:46 5329.err
-rw-r--r--  1 codespace codespace       0 Nov  4 01:46 5329.out
-rw-r--r--  1 codespace codespace       0 Nov  4 01:46 5330.err
-rw-r--r--  1 codespace codespace      14 Nov  4 01:46 5330.out
-rw-r--r--  1 codespace codespace       0 Nov  4 01:46 5331.err
-rw-r--r--  1 codespace codespace       0 Nov  4 01:46 5331.out
-rw-r--r--  1 codespace codespace      41 Nov  4 01:46 5332.err
-rw-r--r--  1 codespace codespace       0 Nov  4 01:46 5332.out
-rw-r--r--  1 codespace codespace       0 Nov  4 01:46 5333.err
-rw-r--r--  1 codespace codespace   23743 Nov  4 01:46 5333.out
-rw-r--r--  1 codespace codespace       0 Nov  4 01:46 5334.err
-rw-r--r--  1 codespace codespace       0 Nov  4 01:46 5334.out
-rw-r--r--  1 codespace codespace      41 Nov  4 01:46 5335.err
-rw-r--r--  1 codespace codespace       0 Nov  4 01:46 5335.out
-rw-r--r--  1 codespace codespace       0 Nov  4 01:46 5336.err
-rw-r--r--  1 codespace codespace     119 Nov  4 01:46 5336.out
-rw-r--r--  1 codespace codespace       0 Nov  4 01:46 5337.err
-rw-r--r--  1 codespace codespace       0 Nov  4 01:46 5337.out
-rw-r--r--  1 codespace codespace      41 Nov  4 01:46 5338.err
-rw-r--r--  1 codespace codespace       0 Nov  4 01:46 5338.out
-rw-r--r--  1 codespace codespace      54 Nov  4 01:46 5339.err
-rw-r--r--  1 codespace codespace       0 Nov  4 01:46 5339.out
-rw-r--r--  1 codespace codespace       0 Nov  4 01:46 5340.err
-rw-r--r--  1 codespace codespace       0 Nov  4 01:46 5340.out
-rw-r--r--  1 codespace codespace      41 Nov  4 01:46 5341.err
-rw-r--r--  1 codespace codespace       0 Nov  4 01:46 5341.out
-rw-r--r--  1 codespace codespace       0 Nov  4 01:46 5342.err
-rw-r--r--  1 codespace codespace      29 Nov  4 01:46 5342.out
-rw-r--r--  1 codespace codespace       0 Nov  4 01:46 5343.err
-rw-r--r--  1 codespace codespace       0 Nov  4 01:46 5343.out
-rw-r--r--  1 codespace codespace      41 Nov  4 01:46 5344.err
-rw-r--r--  1 codespace codespace       0 Nov  4 01:46 5344.out
-rw-r--r--  1 codespace codespace       0 Nov  4 01:46 5345.err
-rw-r--r--  1 codespace codespace      19 Nov  4 01:46 5345.out
-rw-r--r--  1 codespace codespace       0 Nov  4 01:46 5346.err
-rw-r--r--  1 codespace codespace       0 Nov  4 01:46 5346.out
-rw-r--r--  1 codespace codespace      41 Nov  4 01:46 5347.err
-rw-r--r--  1 codespace codespace       0 Nov  4 01:46 5347.out
-rw-r--r--  1 codespace codespace      58 Nov  4 01:46 5348.err
-rw-r--r--  1 codespace codespace       0 Nov  4 01:46 5348.out
-rw-r--r--  1 codespace codespace       0 Nov  4 01:46 5349.err
-rw-r--r--  1 codespace codespace       0 Nov  4 01:46 5349.out
-rw-r--r--  1 codespace codespace      41 Nov  4 01:46 5350.err
-rw-r--r--  1 codespace codespace       0 Nov  4 01:46 5350.out
-rw-r--r--  1 codespace codespace       0 Nov  4 01:46 5351.err
-rw-r--r--  1 codespace codespace       0 Nov  4 01:46 5351.out
-rw-r--r--  1 codespace codespace      41 Nov  4 01:46 5352.err
-rw-r--r--  1 codespace codespace       0 Nov  4 01:46 5352.out
-rw-r--r--  1 codespace codespace       0 Nov  4 01:46 5353.err
-rw-r--r--  1 codespace codespace     124 Nov  4 01:46 5353.out
-rw-r--r--  1 codespace codespace       0 Nov  4 01:46 5354.err
-rw-r--r--  1 codespace codespace       0 Nov  4 01:46 5354.out
-rw-r--r--  1 codespace codespace      41 Nov  4 01:46 5355.err
-rw-r--r--  1 codespace codespace       0 Nov  4 01:46 5355.out
-rw-r--r--  1 codespace codespace       0 Nov  4 01:46 5356.err
-rw-r--r--  1 codespace codespace      14 Nov  4 01:46 5356.out
-rw-r--r--  1 codespace codespace       0 Nov  4 01:46 5357.err
-rw-r--r--  1 codespace codespace       0 Nov  4 01:46 5357.out
-rw-r--r--  1 codespace codespace      41 Nov  4 01:46 5358.err
-rw-r--r--  1 codespace codespace       0 Nov  4 01:46 5358.out
-rw-r--r--  1 codespace codespace       0 Nov  4 01:46 5359.err
-rw-r--r--  1 codespace codespace   27071 Nov  4 01:46 5359.out
-rw-r--r--  1 codespace codespace       0 Nov  4 01:46 5360.err
-rw-r--r--  1 codespace codespace       0 Nov  4 01:46 5360.out
-rw-r--r--  1 codespace codespace      41 Nov  4 01:46 5361.err
-rw-r--r--  1 codespace codespace       0 Nov  4 01:46 5361.out
-rw-r--r--  1 codespace codespace       0 Nov  4 01:46 5362.err
-rw-r--r--  1 codespace codespace     119 Nov  4 01:46 5362.out
-rw-r--r--  1 codespace codespace       0 Nov  4 01:46 5363.err
-rw-r--r--  1 codespace codespace       0 Nov  4 01:46 5363.out
-rw-r--r--  1 codespace codespace      41 Nov  4 01:46 5370.err
-rw-r--r--  1 codespace codespace       0 Nov  4 01:46 5370.out
-rw-r--r--  1 codespace codespace      54 Nov  4 01:46 5371.err
-rw-r--r--  1 codespace codespace       0 Nov  4 01:46 5371.out
-rw-r--r--  1 codespace codespace       0 Nov  4 01:46 5372.err
-rw-r--r--  1 codespace codespace       0 Nov  4 01:46 5372.out
-rw-r--r--  1 codespace codespace      41 Nov  4 01:46 5373.err
-rw-r--r--  1 codespace codespace       0 Nov  4 01:46 5373.out
-rw-r--r--  1 codespace codespace       0 Nov  4 01:46 5374.err
-rw-r--r--  1 codespace codespace      29 Nov  4 01:46 5374.out
-rw-r--r--  1 codespace codespace       0 Nov  4 01:46 5375.err
-rw-r--r--  1 codespace codespace       0 Nov  4 01:46 5375.out
-rw-r--r--  1 codespace codespace      41 Nov  4 01:46 5376.err
-rw-r--r--  1 codespace codespace       0 Nov  4 01:46 5376.out
-rw-r--r--  1 codespace codespace       0 Nov  4 01:46 5377.err
-rw-r--r--  1 codespace codespace      19 Nov  4 01:46 5377.out
-rw-r--r--  1 codespace codespace       0 Nov  4 01:46 5378.err
-rw-r--r--  1 codespace codespace       0 Nov  4 01:46 5378.out
-rw-r--r--  1 codespace codespace      41 Nov  4 01:46 5379.err
-rw-r--r--  1 codespace codespace       0 Nov  4 01:46 5379.out
-rw-r--r--  1 codespace codespace      58 Nov  4 01:46 5380.err
-rw-r--r--  1 codespace codespace       0 Nov  4 01:46 5380.out
-rw-r--r--  1 codespace codespace       0 Nov  4 01:46 5381.err
-rw-r--r--  1 codespace codespace       0 Nov  4 01:46 5381.out
-rw-r--r--  1 codespace codespace      41 Nov  4 01:46 5383.err
-rw-r--r--  1 codespace codespace       0 Nov  4 01:46 5383.out
-rw-r--r--  1 codespace codespace       0 Nov  4 01:46 5384.err
-rw-r--r--  1 codespace codespace       0 Nov  4 01:46 5384.out
-rw-r--r--  1 codespace codespace      41 Nov  4 01:46 5385.err
-rw-r--r--  1 codespace codespace       0 Nov  4 01:46 5385.out
-rw-r--r--  1 codespace codespace       0 Nov  4 01:46 5386.err
-rw-r--r--  1 codespace codespace     124 Nov  4 01:46 5386.out
-rw-r--r--  1 codespace codespace       0 Nov  4 01:46 5387.err
-rw-r--r--  1 codespace codespace       0 Nov  4 01:46 5387.out
-rw-r--r--  1 codespace codespace      41 Nov  4 01:46 5388.err
-rw-r--r--  1 codespace codespace       0 Nov  4 01:46 5388.out
-rw-r--r--  1 codespace codespace       0 Nov  4 01:46 5389.err
-rw-r--r--  1 codespace codespace      14 Nov  4 01:46 5389.out
-rw-r--r--  1 codespace codespace       0 Nov  4 01:46 5390.err
-rw-r--r--  1 codespace codespace       0 Nov  4 01:46 5390.out
-rw-r--r--  1 codespace codespace      41 Nov  4 01:46 5397.err
-rw-r--r--  1 codespace codespace       0 Nov  4 01:46 5397.out
-rw-r--r--  1 codespace codespace       0 Nov  4 01:46 5398.err
-rw-r--r--  1 codespace codespace   30399 Nov  4 01:46 5398.out
-rw-r--r--  1 codespace codespace       0 Nov  4 01:46 5399.err
-rw-r--r--  1 codespace codespace       0 Nov  4 01:46 5399.out
-rw-r--r--  1 codespace codespace      41 Nov  4 01:46 5400.err
-rw-r--r--  1 codespace codespace       0 Nov  4 01:46 5400.out
-rw-r--r--  1 codespace codespace       0 Nov  4 01:46 5401.err
-rw-r--r--  1 codespace codespace     119 Nov  4 01:46 5401.out
-rw-r--r--  1 codespace codespace       0 Nov  4 01:46 5402.err
-rw-r--r--  1 codespace codespace       0 Nov  4 01:46 5402.out
-rw-r--r--  1 codespace codespace      41 Nov  4 01:46 5403.err
-rw-r--r--  1 codespace codespace       0 Nov  4 01:46 5403.out
-rw-r--r--  1 codespace codespace      54 Nov  4 01:46 5404.err
-rw-r--r--  1 codespace codespace       0 Nov  4 01:46 5404.out
-rw-r--r--  1 codespace codespace       0 Nov  4 01:46 5405.err
-rw-r--r--  1 codespace codespace       0 Nov  4 01:46 5405.out
-rw-r--r--  1 codespace codespace      41 Nov  4 01:46 5406.err
-rw-r--r--  1 codespace codespace       0 Nov  4 01:46 5406.out
-rw-r--r--  1 codespace codespace       0 Nov  4 01:46 5407.err
-rw-r--r--  1 codespace codespace      29 Nov  4 01:46 5407.out
-rw-r--r--  1 codespace codespace       0 Nov  4 01:46 5408.err
-rw-r--r--  1 codespace codespace       0 Nov  4 01:46 5408.out
-rw-r--r--  1 codespace codespace      41 Nov  4 01:46 5409.err
-rw-r--r--  1 codespace codespace       0 Nov  4 01:46 5409.out
-rw-r--r--  1 codespace codespace       0 Nov  4 01:46 5410.err
-rw-r--r--  1 codespace codespace      19 Nov  4 01:46 5410.out
-rw-r--r--  1 codespace codespace       0 Nov  4 01:46 5411.err
-rw-r--r--  1 codespace codespace       0 Nov  4 01:46 5411.out
-rw-r--r--  1 codespace codespace      41 Nov  4 01:46 5412.err
-rw-r--r--  1 codespace codespace       0 Nov  4 01:46 5412.out
-rw-r--r--  1 codespace codespace      58 Nov  4 01:46 5413.err
-rw-r--r--  1 codespace codespace       0 Nov  4 01:46 5413.out
-rw-r--r--  1 codespace codespace       0 Nov  4 01:46 5414.err
-rw-r--r--  1 codespace codespace       0 Nov  4 01:46 5414.out
-rw-r--r--  1 codespace codespace      41 Nov  4 01:46 5415.err
-rw-r--r--  1 codespace codespace       0 Nov  4 01:46 5415.out
-rw-r--r--  1 codespace codespace       0 Nov  4 01:46 5416.err
-rw-r--r--  1 codespace codespace       0 Nov  4 01:46 5416.out
-rw-r--r--  1 codespace codespace      41 Nov  4 01:46 5417.err
-rw-r--r--  1 codespace codespace       0 Nov  4 01:46 5417.out
-rw-r--r--  1 codespace codespace       0 Nov  4 01:46 5418.err
-rw-r--r--  1 codespace codespace     124 Nov  4 01:46 5418.out
-rw-r--r--  1 codespace codespace       0 Nov  4 01:46 5419.err
-rw-r--r--  1 codespace codespace       0 Nov  4 01:46 5419.out
-rw-r--r--  1 codespace codespace      41 Nov  4 01:46 5420.err
-rw-r--r--  1 codespace codespace       0 Nov  4 01:46 5420.out
-rw-r--r--  1 codespace codespace       0 Nov  4 01:46 5422.err
-rw-r--r--  1 codespace codespace      14 Nov  4 01:46 5422.out
-rw-r--r--  1 codespace codespace       0 Nov  4 01:46 5423.err
-rw-r--r--  1 codespace codespace       0 Nov  4 01:46 5423.out
-rw-r--r--  1 codespace codespace      41 Nov  4 01:46 5424.err
-rw-r--r--  1 codespace codespace       0 Nov  4 01:46 5424.out
-rw-r--r--  1 codespace codespace       0 Nov  4 01:46 5425.err
-rw-r--r--  1 codespace codespace   33727 Nov  4 01:46 5425.out
-rw-r--r--  1 codespace codespace       0 Nov  4 01:46 5426.err
-rw-r--r--  1 codespace codespace       0 Nov  4 01:46 5426.out
-rw-r--r--  1 codespace codespace      41 Nov  4 01:46 5427.err
-rw-r--r--  1 codespace codespace       0 Nov  4 01:46 5427.out
-rw-r--r--  1 codespace codespace       0 Nov  4 01:46 5428.err
-rw-r--r--  1 codespace codespace     119 Nov  4 01:46 5428.out
-rw-r--r--  1 codespace codespace       0 Nov  4 01:46 5429.err
-rw-r--r--  1 codespace codespace       0 Nov  4 01:46 5429.out
-rw-r--r--  1 codespace codespace      41 Nov  4 01:46 5430.err
-rw-r--r--  1 codespace codespace       0 Nov  4 01:46 5430.out
-rw-r--r--  1 codespace codespace      54 Nov  4 01:46 5431.err
-rw-r--r--  1 codespace codespace       0 Nov  4 01:46 5431.out
-rw-r--r--  1 codespace codespace       0 Nov  4 01:46 5432.err
-rw-r--r--  1 codespace codespace       0 Nov  4 01:46 5432.out
-rw-r--r--  1 codespace codespace      41 Nov  4 01:46 5433.err
-rw-r--r--  1 codespace codespace       0 Nov  4 01:46 5433.out
-rw-r--r--  1 codespace codespace       0 Nov  4 01:46 5434.err
-rw-r--r--  1 codespace codespace      29 Nov  4 01:46 5434.out
-rw-r--r--  1 codespace codespace       0 Nov  4 01:46 5435.err
-rw-r--r--  1 codespace codespace       0 Nov  4 01:46 5435.out
-rw-r--r--  1 codespace codespace      41 Nov  4 01:46 5436.err
-rw-r--r--  1 codespace codespace       0 Nov  4 01:46 5436.out
-rw-r--r--  1 codespace codespace       0 Nov  4 01:46 5437.err
-rw-r--r--  1 codespace codespace      19 Nov  4 01:46 5437.out
-rw-r--r--  1 codespace codespace       0 Nov  4 01:46 5438.err
-rw-r--r--  1 codespace codespace       0 Nov  4 01:46 5438.out
-rw-r--r--  1 codespace codespace      41 Nov  4 01:46 5439.err
-rw-r--r--  1 codespace codespace       0 Nov  4 01:46 5439.out
-rw-r--r--  1 codespace codespace      58 Nov  4 01:46 5440.err
-rw-r--r--  1 codespace codespace       0 Nov  4 01:46 5440.out
-rw-r--r--  1 codespace codespace       0 Nov  4 01:46 5441.err
-rw-r--r--  1 codespace codespace       0 Nov  4 01:46 5441.out
-rw-r--r--  1 codespace codespace      41 Nov  4 01:46 5442.err
-rw-r--r--  1 codespace codespace       0 Nov  4 01:46 5442.out
-rw-r--r--  1 codespace codespace       0 Nov  4 01:46 5443.err
-rw-r--r--  1 codespace codespace       0 Nov  4 01:46 5443.out
-rw-r--r--  1 codespace codespace      41 Nov  4 01:46 5444.err
-rw-r--r--  1 codespace codespace       0 Nov  4 01:46 5444.out
-rw-r--r--  1 codespace codespace       0 Nov  4 01:46 5445.err
-rw-r--r--  1 codespace codespace     124 Nov  4 01:46 5445.out
-rw-r--r--  1 codespace codespace       0 Nov  4 01:46 5446.err
-rw-r--r--  1 codespace codespace       0 Nov  4 01:46 5446.out
-rw-r--r--  1 codespace codespace      41 Nov  4 01:46 5447.err
-rw-r--r--  1 codespace codespace       0 Nov  4 01:46 5447.out
-rw-r--r--  1 codespace codespace       0 Nov  4 01:46 5448.err
-rw-r--r--  1 codespace codespace      14 Nov  4 01:46 5448.out
-rw-r--r--  1 codespace codespace       0 Nov  4 01:46 5449.err
-rw-r--r--  1 codespace codespace       0 Nov  4 01:46 5449.out
-rw-r--r--  1 codespace codespace      41 Nov  4 01:46 5450.err
-rw-r--r--  1 codespace codespace       0 Nov  4 01:46 5450.out
-rw-r--r--  1 codespace codespace       0 Nov  4 01:46 5451.err
-rw-r--r--  1 codespace codespace   37055 Nov  4 01:46 5451.out
-rw-r--r--  1 codespace codespace       0 Nov  4 01:46 5452.err
-rw-r--r--  1 codespace codespace       0 Nov  4 01:46 5452.out
-rw-r--r--  1 codespace codespace      41 Nov  4 01:46 5453.err
-rw-r--r--  1 codespace codespace       0 Nov  4 01:46 5453.out
-rw-r--r--  1 codespace codespace       0 Nov  4 01:46 5454.err
-rw-r--r--  1 codespace codespace     119 Nov  4 01:46 5454.out
-rw-r--r--  1 codespace codespace       0 Nov  4 01:46 5455.err
-rw-r--r--  1 codespace codespace       0 Nov  4 01:46 5455.out
-rw-r--r--  1 codespace codespace      41 Nov  4 01:46 5457.err
-rw-r--r--  1 codespace codespace       0 Nov  4 01:46 5457.out
-rw-r--r--  1 codespace codespace      54 Nov  4 01:46 5460.err
-rw-r--r--  1 codespace codespace       0 Nov  4 01:46 5460.out
-rw-r--r--  1 codespace codespace       0 Nov  4 01:46 5461.err
-rw-r--r--  1 codespace codespace       0 Nov  4 01:46 5461.out
-rw-r--r--  1 codespace codespace      41 Nov  4 01:46 5465.err
-rw-r--r--  1 codespace codespace       0 Nov  4 01:46 5465.out
-rw-r--r--  1 codespace codespace       0 Nov  4 01:46 5466.err
-rw-r--r--  1 codespace codespace      29 Nov  4 01:46 5466.out
-rw-r--r--  1 codespace codespace       0 Nov  4 01:46 5467.err
-rw-r--r--  1 codespace codespace       0 Nov  4 01:46 5467.out
-rw-r--r--  1 codespace codespace      41 Nov  4 01:46 5468.err
-rw-r--r--  1 codespace codespace       0 Nov  4 01:46 5468.out
-rw-r--r--  1 codespace codespace       0 Nov  4 01:46 5469.err
-rw-r--r--  1 codespace codespace      19 Nov  4 01:46 5469.out
-rw-r--r--  1 codespace codespace       0 Nov  4 01:46 5470.err
-rw-r--r--  1 codespace codespace       0 Nov  4 01:46 5470.out
-rw-r--r--  1 codespace codespace      41 Nov  4 01:46 5471.err
-rw-r--r--  1 codespace codespace       0 Nov  4 01:46 5471.out
-rw-r--r--  1 codespace codespace      58 Nov  4 01:46 5472.err
-rw-r--r--  1 codespace codespace       0 Nov  4 01:46 5472.out
-rw-r--r--  1 codespace codespace       0 Nov  4 01:46 5473.err
-rw-r--r--  1 codespace codespace       0 Nov  4 01:46 5473.out
-rw-r--r--  1 codespace codespace      41 Nov  4 01:46 5474.err
-rw-r--r--  1 codespace codespace       0 Nov  4 01:46 5474.out
-rw-r--r--  1 codespace codespace       0 Nov  4 01:46 5475.err
-rw-r--r--  1 codespace codespace       0 Nov  4 01:46 5475.out
-rw-r--r--  1 codespace codespace      41 Nov  4 01:46 5476.err
-rw-r--r--  1 codespace codespace       0 Nov  4 01:46 5476.out
-rw-r--r--  1 codespace codespace       0 Nov  4 01:46 5477.err
-rw-r--r--  1 codespace codespace     124 Nov  4 01:46 5477.out
-rw-r--r--  1 codespace codespace       0 Nov  4 01:46 5478.err
-rw-r--r--  1 codespace codespace       0 Nov  4 01:46 5478.out
-rw-r--r--  1 codespace codespace      41 Nov  4 01:46 5479.err
-rw-r--r--  1 codespace codespace       0 Nov  4 01:46 5479.out
-rw-r--r--  1 codespace codespace       0 Nov  4 01:46 5480.err
-rw-r--r--  1 codespace codespace      14 Nov  4 01:46 5480.out
-rw-r--r--  1 codespace codespace       0 Nov  4 01:46 5481.err
-rw-r--r--  1 codespace codespace       0 Nov  4 01:46 5481.out
-rw-r--r--  1 codespace codespace      41 Nov  4 01:46 5482.err
-rw-r--r--  1 codespace codespace       0 Nov  4 01:46 5482.out
-rw-r--r--  1 codespace codespace       0 Nov  4 01:46 5483.err
-rw-r--r--  1 codespace codespace   40383 Nov  4 01:46 5483.out
-rw-r--r--  1 codespace codespace       0 Nov  4 01:46 5484.err
-rw-r--r--  1 codespace codespace       0 Nov  4 01:46 5484.out
-rw-r--r--  1 codespace codespace      41 Nov  4 01:46 5485.err
-rw-r--r--  1 codespace codespace       0 Nov  4 01:46 5485.out
-rw-r--r--  1 codespace codespace       0 Nov  4 01:46 5486.err
-rw-r--r--  1 codespace codespace     119 Nov  4 01:46 5486.out
-rw-r--r--  1 codespace codespace       0 Nov  4 01:46 5487.err
-rw-r--r--  1 codespace codespace       0 Nov  4 01:46 5487.out
-rw-r--r--  1 codespace codespace      41 Nov  4 01:46 5488.err
-rw-r--r--  1 codespace codespace       0 Nov  4 01:46 5488.out
-rw-r--r--  1 codespace codespace      54 Nov  4 01:46 5489.err
-rw-r--r--  1 codespace codespace       0 Nov  4 01:46 5489.out
-rw-r--r--  1 codespace codespace       0 Nov  4 01:46 5490.err
-rw-r--r--  1 codespace codespace       0 Nov  4 01:46 5490.out
-rw-r--r--  1 codespace codespace      41 Nov  4 01:46 5491.err
-rw-r--r--  1 codespace codespace       0 Nov  4 01:46 5491.out
-rw-r--r--  1 codespace codespace       0 Nov  4 01:46 5492.err
-rw-r--r--  1 codespace codespace      29 Nov  4 01:46 5492.out
-rw-r--r--  1 codespace codespace       0 Nov  4 01:46 5493.err
-rw-r--r--  1 codespace codespace       0 Nov  4 01:46 5493.out
-rw-r--r--  1 codespace codespace      41 Nov  4 01:46 5494.err
-rw-r--r--  1 codespace codespace       0 Nov  4 01:46 5494.out
-rw-r--r--  1 codespace codespace       0 Nov  4 01:46 5495.err
-rw-r--r--  1 codespace codespace      19 Nov  4 01:46 5495.out
-rw-r--r--  1 codespace codespace       0 Nov  4 01:46 5496.err
-rw-r--r--  1 codespace codespace       0 Nov  4 01:46 5496.out
-rw-r--r--  1 codespace codespace      41 Nov  4 01:46 5497.err
-rw-r--r--  1 codespace codespace       0 Nov  4 01:46 5497.out
-rw-r--r--  1 codespace codespace      58 Nov  4 01:46 5498.err
-rw-r--r--  1 codespace codespace       0 Nov  4 01:46 5498.out
-rw-r--r--  1 codespace codespace       0 Nov  4 01:46 5499.err
-rw-r--r--  1 codespace codespace       0 Nov  4 01:46 5499.out
-rw-r--r--  1 codespace codespace      41 Nov  4 01:46 5500.err
-rw-r--r--  1 codespace codespace       0 Nov  4 01:46 5500.out
-rw-r--r--  1 codespace codespace       0 Nov  4 01:46 5501.err
-rw-r--r--  1 codespace codespace       0 Nov  4 01:46 5501.out
-rw-r--r--  1 codespace codespace      41 Nov  4 01:46 5502.err
-rw-r--r--  1 codespace codespace       0 Nov  4 01:46 5502.out
-rw-r--r--  1 codespace codespace       0 Nov  4 01:46 5503.err
-rw-r--r--  1 codespace codespace     124 Nov  4 01:46 5503.out
-rw-r--r--  1 codespace codespace       0 Nov  4 01:46 5504.err
-rw-r--r--  1 codespace codespace       0 Nov  4 01:46 5504.out
-rw-r--r--  1 codespace codespace      41 Nov  4 01:46 5505.err
-rw-r--r--  1 codespace codespace       0 Nov  4 01:46 5505.out
-rw-r--r--  1 codespace codespace       0 Nov  4 01:46 5506.err
-rw-r--r--  1 codespace codespace      14 Nov  4 01:46 5506.out
-rw-r--r--  1 codespace codespace       0 Nov  4 01:46 5507.err
-rw-r--r--  1 codespace codespace       0 Nov  4 01:46 5507.out
-rw-r--r--  1 codespace codespace      41 Nov  4 01:46 5508.err
-rw-r--r--  1 codespace codespace       0 Nov  4 01:46 5508.out
-rw-r--r--  1 codespace codespace       0 Nov  4 01:46 5509.err
-rw-r--r--  1 codespace codespace   43711 Nov  4 01:46 5509.out
-rw-r--r--  1 codespace codespace       0 Nov  4 01:46 5510.err
-rw-r--r--  1 codespace codespace       0 Nov  4 01:46 5510.out
-rw-r--r--  1 codespace codespace      41 Nov  4 01:46 5511.err
-rw-r--r--  1 codespace codespace       0 Nov  4 01:46 5511.out
-rw-r--r--  1 codespace codespace       0 Nov  4 01:46 5512.err
-rw-r--r--  1 codespace codespace     119 Nov  4 01:46 5512.out
-rw-r--r--  1 codespace codespace       0 Nov  4 01:46 5513.err
-rw-r--r--  1 codespace codespace       0 Nov  4 01:46 5513.out
-rw-r--r--  1 codespace codespace      41 Nov  4 01:46 5514.err
-rw-r--r--  1 codespace codespace       0 Nov  4 01:46 5514.out
-rw-r--r--  1 codespace codespace      54 Nov  4 01:46 5515.err
-rw-r--r--  1 codespace codespace       0 Nov  4 01:46 5515.out
-rw-r--r--  1 codespace codespace       0 Nov  4 01:46 5516.err
-rw-r--r--  1 codespace codespace       0 Nov  4 01:46 5516.out
-rw-r--r--  1 codespace codespace      41 Nov  4 01:46 5517.err
-rw-r--r--  1 codespace codespace       0 Nov  4 01:46 5517.out
-rw-r--r--  1 codespace codespace       0 Nov  4 01:46 5518.err
-rw-r--r--  1 codespace codespace      29 Nov  4 01:46 5518.out
-rw-r--r--  1 codespace codespace       0 Nov  4 01:46 5519.err
-rw-r--r--  1 codespace codespace       0 Nov  4 01:46 5519.out
-rw-r--r--  1 codespace codespace      41 Nov  4 01:46 5520.err
-rw-r--r--  1 codespace codespace       0 Nov  4 01:46 5520.out
-rw-r--r--  1 codespace codespace       0 Nov  4 01:46 5521.err
-rw-r--r--  1 codespace codespace      19 Nov  4 01:46 5521.out
-rw-r--r--  1 codespace codespace       0 Nov  4 01:46 5522.err
-rw-r--r--  1 codespace codespace       0 Nov  4 01:46 5522.out
-rw-r--r--  1 codespace codespace      41 Nov  4 01:46 5523.err
-rw-r--r--  1 codespace codespace       0 Nov  4 01:46 5523.out
-rw-r--r--  1 codespace codespace      58 Nov  4 01:46 5524.err
-rw-r--r--  1 codespace codespace       0 Nov  4 01:46 5524.out
-rw-r--r--  1 codespace codespace       0 Nov  4 01:46 5525.err
-rw-r--r--  1 codespace codespace       0 Nov  4 01:46 5525.out
-rw-r--r--  1 codespace codespace      41 Nov  4 01:46 5526.err
-rw-r--r--  1 codespace codespace       0 Nov  4 01:46 5526.out
-rw-r--r--  1 codespace codespace       0 Nov  4 01:46 5527.err
-rw-r--r--  1 codespace codespace       0 Nov  4 01:46 5527.out
-rw-r--r--  1 codespace codespace      41 Nov  4 01:46 5528.err
-rw-r--r--  1 codespace codespace       0 Nov  4 01:46 5528.out
-rw-r--r--  1 codespace codespace       0 Nov  4 01:46 5529.err
-rw-r--r--  1 codespace codespace     124 Nov  4 01:46 5529.out
-rw-r--r--  1 codespace codespace       0 Nov  4 01:46 5530.err
-rw-r--r--  1 codespace codespace       0 Nov  4 01:46 5530.out
-rw-r--r--  1 codespace codespace      41 Nov  4 01:46 5531.err
-rw-r--r--  1 codespace codespace       0 Nov  4 01:46 5531.out
-rw-r--r--  1 codespace codespace       0 Nov  4 01:46 5532.err
-rw-r--r--  1 codespace codespace      14 Nov  4 01:46 5532.out
-rw-r--r--  1 codespace codespace       0 Nov  4 01:46 5533.err
-rw-r--r--  1 codespace codespace       0 Nov  4 01:46 5533.out
-rw-r--r--  1 codespace codespace      41 Nov  4 01:46 5537.err
-rw-r--r--  1 codespace codespace       0 Nov  4 01:46 5537.out
-rw-r--r--  1 codespace codespace       0 Nov  4 01:46 5538.err
-rw-r--r--  1 codespace codespace   47039 Nov  4 01:46 5538.out
-rw-r--r--  1 codespace codespace       0 Nov  4 01:46 5542.err
-rw-r--r--  1 codespace codespace       0 Nov  4 01:46 5542.out
-rw-r--r--  1 codespace codespace      41 Nov  4 01:46 5549.err
-rw-r--r--  1 codespace codespace       0 Nov  4 01:46 5549.out
-rw-r--r--  1 codespace codespace       0 Nov  4 01:46 5550.err
-rw-r--r--  1 codespace codespace     119 Nov  4 01:46 5550.out
-rw-r--r--  1 codespace codespace       0 Nov  4 01:46 5551.err
-rw-r--r--  1 codespace codespace       0 Nov  4 01:46 5551.out
-rw-r--r--  1 codespace codespace      41 Nov  4 01:46 5552.err
-rw-r--r--  1 codespace codespace       0 Nov  4 01:46 5552.out
-rw-r--r--  1 codespace codespace      54 Nov  4 01:46 5559.err
-rw-r--r--  1 codespace codespace       0 Nov  4 01:46 5559.out
-rw-r--r--  1 codespace codespace       0 Nov  4 01:46 5560.err
-rw-r--r--  1 codespace codespace       0 Nov  4 01:46 5560.out
-rw-r--r--  1 codespace codespace      41 Nov  4 01:46 5561.err
-rw-r--r--  1 codespace codespace       0 Nov  4 01:46 5561.out
-rw-r--r--  1 codespace codespace       0 Nov  4 01:46 5562.err
-rw-r--r--  1 codespace codespace      29 Nov  4 01:46 5562.out
-rw-r--r--  1 codespace codespace       0 Nov  4 01:46 5563.err
-rw-r--r--  1 codespace codespace       0 Nov  4 01:46 5563.out
-rw-r--r--  1 codespace codespace      41 Nov  4 01:46 5572.err
-rw-r--r--  1 codespace codespace       0 Nov  4 01:46 5572.out
-rw-r--r--  1 codespace codespace       0 Nov  4 01:46 5573.err
-rw-r--r--  1 codespace codespace      19 Nov  4 01:46 5573.out
-rw-r--r--  1 codespace codespace       0 Nov  4 01:46 5574.err
-rw-r--r--  1 codespace codespace       0 Nov  4 01:46 5574.out
-rw-r--r--  1 codespace codespace      41 Nov  4 01:47 5581.err
-rw-r--r--  1 codespace codespace       0 Nov  4 01:47 5581.out
-rw-r--r--  1 codespace codespace      58 Nov  4 01:47 5582.err
-rw-r--r--  1 codespace codespace       0 Nov  4 01:47 5582.out
-rw-r--r--  1 codespace codespace       0 Nov  4 01:47 5583.err
-rw-r--r--  1 codespace codespace       0 Nov  4 01:47 5583.out
-rw-r--r--  1 codespace codespace      41 Nov  4 01:47 5584.err
-rw-r--r--  1 codespace codespace       0 Nov  4 01:47 5584.out
-rw-r--r--  1 codespace codespace       0 Nov  4 01:47 5585.err
-rw-r--r--  1 codespace codespace       0 Nov  4 01:47 5585.out
-rw-r--r--  1 codespace codespace      41 Nov  4 01:47 5586.err
-rw-r--r--  1 codespace codespace       0 Nov  4 01:47 5586.out
-rw-r--r--  1 codespace codespace       0 Nov  4 01:47 5587.err
-rw-r--r--  1 codespace codespace     124 Nov  4 01:47 5587.out
-rw-r--r--  1 codespace codespace       0 Nov  4 01:47 5588.err
-rw-r--r--  1 codespace codespace       0 Nov  4 01:47 5588.out
-rw-r--r--  1 codespace codespace      41 Nov  4 01:47 5589.err
-rw-r--r--  1 codespace codespace       0 Nov  4 01:47 5589.out
-rw-r--r--  1 codespace codespace       0 Nov  4 01:47 5590.err
-rw-r--r--  1 codespace codespace      14 Nov  4 01:47 5590.out
-rw-r--r--  1 codespace codespace       0 Nov  4 01:47 5591.err
-rw-r--r--  1 codespace codespace       0 Nov  4 01:47 5591.out
-rw-r--r--  1 codespace codespace      41 Nov  4 01:47 5592.err
-rw-r--r--  1 codespace codespace       0 Nov  4 01:47 5592.out
-rw-r--r--  1 codespace codespace       0 Nov  4 01:47 5593.err
-rw-r--r--  1 codespace codespace   50367 Nov  4 01:47 5593.out
-rw-r--r--  1 codespace codespace       0 Nov  4 01:47 5594.err
-rw-r--r--  1 codespace codespace       0 Nov  4 01:47 5594.out
-rw-r--r--  1 codespace codespace      41 Nov  4 01:47 5595.err
-rw-r--r--  1 codespace codespace       0 Nov  4 01:47 5595.out
-rw-r--r--  1 codespace codespace       0 Nov  4 01:47 5596.err
-rw-r--r--  1 codespace codespace     119 Nov  4 01:47 5596.out
-rw-r--r--  1 codespace codespace       0 Nov  4 01:47 5597.err
-rw-r--r--  1 codespace codespace       0 Nov  4 01:47 5597.out
-rw-r--r--  1 codespace codespace      41 Nov  4 01:47 5598.err
-rw-r--r--  1 codespace codespace       0 Nov  4 01:47 5598.out
-rw-r--r--  1 codespace codespace      54 Nov  4 01:47 5599.err
-rw-r--r--  1 codespace codespace       0 Nov  4 01:47 5599.out
-rw-r--r--  1 codespace codespace       0 Nov  4 01:47 5600.err
-rw-r--r--  1 codespace codespace       0 Nov  4 01:47 5600.out
-rw-r--r--  1 codespace codespace      41 Nov  4 01:47 5601.err
-rw-r--r--  1 codespace codespace       0 Nov  4 01:47 5601.out
-rw-r--r--  1 codespace codespace       0 Nov  4 01:47 5602.err
-rw-r--r--  1 codespace codespace      29 Nov  4 01:47 5602.out
-rw-r--r--  1 codespace codespace       0 Nov  4 01:47 5603.err
-rw-r--r--  1 codespace codespace       0 Nov  4 01:47 5603.out
-rw-r--r--  1 codespace codespace      41 Nov  4 01:47 5604.err
-rw-r--r--  1 codespace codespace       0 Nov  4 01:47 5604.out
-rw-r--r--  1 codespace codespace       0 Nov  4 01:47 5605.err
-rw-r--r--  1 codespace codespace      19 Nov  4 01:47 5605.out
-rw-r--r--  1 codespace codespace       0 Nov  4 01:47 5606.err
-rw-r--r--  1 codespace codespace       0 Nov  4 01:47 5606.out
-rw-r--r--  1 codespace codespace      41 Nov  4 01:47 5607.err
-rw-r--r--  1 codespace codespace       0 Nov  4 01:47 5607.out
-rw-r--r--  1 codespace codespace      58 Nov  4 01:47 5608.err
-rw-r--r--  1 codespace codespace       0 Nov  4 01:47 5608.out
-rw-r--r--  1 codespace codespace       0 Nov  4 01:47 5609.err
-rw-r--r--  1 codespace codespace       0 Nov  4 01:47 5609.out
-rw-r--r--  1 codespace codespace      41 Nov  4 01:47 5610.err
-rw-r--r--  1 codespace codespace       0 Nov  4 01:47 5610.out
-rw-r--r--  1 codespace codespace       0 Nov  4 01:47 5611.err
-rw-r--r--  1 codespace codespace       0 Nov  4 01:47 5611.out
-rw-r--r--  1 codespace codespace      41 Nov  4 01:47 5612.err
-rw-r--r--  1 codespace codespace       0 Nov  4 01:47 5612.out
-rw-r--r--  1 codespace codespace       0 Nov  4 01:47 5613.err
-rw-r--r--  1 codespace codespace     124 Nov  4 01:47 5613.out
-rw-r--r--  1 codespace codespace       0 Nov  4 01:47 5614.err
-rw-r--r--  1 codespace codespace       0 Nov  4 01:47 5614.out
-rw-r--r--  1 codespace codespace      41 Nov  4 01:47 5615.err
-rw-r--r--  1 codespace codespace       0 Nov  4 01:47 5615.out
-rw-r--r--  1 codespace codespace       0 Nov  4 01:47 5616.err
-rw-r--r--  1 codespace codespace      14 Nov  4 01:47 5616.out
-rw-r--r--  1 codespace codespace       0 Nov  4 01:47 5617.err
-rw-r--r--  1 codespace codespace       0 Nov  4 01:47 5617.out
-rw-r--r--  1 codespace codespace      41 Nov  4 01:47 5618.err
-rw-r--r--  1 codespace codespace       0 Nov  4 01:47 5618.out
-rw-r--r--  1 codespace codespace       0 Nov  4 01:47 5619.err
-rw-r--r--  1 codespace codespace   53695 Nov  4 01:47 5619.out
-rw-r--r--  1 codespace codespace       0 Nov  4 01:47 5620.err
-rw-r--r--  1 codespace codespace       0 Nov  4 01:47 5620.out
-rw-r--r--  1 codespace codespace      41 Nov  4 01:47 5627.err
-rw-r--r--  1 codespace codespace       0 Nov  4 01:47 5627.out
-rw-r--r--  1 codespace codespace       0 Nov  4 01:47 5628.err
-rw-r--r--  1 codespace codespace     119 Nov  4 01:47 5628.out
-rw-r--r--  1 codespace codespace       0 Nov  4 01:47 5629.err
-rw-r--r--  1 codespace codespace       0 Nov  4 01:47 5629.out
-rw-r--r--  1 codespace codespace      41 Nov  4 01:47 5630.err
-rw-r--r--  1 codespace codespace       0 Nov  4 01:47 5630.out
-rw-r--r--  1 codespace codespace      54 Nov  4 01:47 5631.err
-rw-r--r--  1 codespace codespace       0 Nov  4 01:47 5631.out
-rw-r--r--  1 codespace codespace       0 Nov  4 01:47 5632.err
-rw-r--r--  1 codespace codespace       0 Nov  4 01:47 5632.out
-rw-r--r--  1 codespace codespace      41 Nov  4 01:47 5633.err
-rw-r--r--  1 codespace codespace       0 Nov  4 01:47 5633.out
-rw-r--r--  1 codespace codespace       0 Nov  4 01:47 5634.err
-rw-r--r--  1 codespace codespace      29 Nov  4 01:47 5634.out
-rw-r--r--  1 codespace codespace       0 Nov  4 01:47 5635.err
-rw-r--r--  1 codespace codespace       0 Nov  4 01:47 5635.out
-rw-r--r--  1 codespace codespace      41 Nov  4 01:47 5638.err
-rw-r--r--  1 codespace codespace       0 Nov  4 01:47 5638.out
-rw-r--r--  1 codespace codespace       0 Nov  4 01:47 5639.err
-rw-r--r--  1 codespace codespace      19 Nov  4 01:47 5639.out
-rw-r--r--  1 codespace codespace       0 Nov  4 01:47 5640.err
-rw-r--r--  1 codespace codespace       0 Nov  4 01:47 5640.out
-rw-r--r--  1 codespace codespace      41 Nov  4 01:47 5641.err
-rw-r--r--  1 codespace codespace       0 Nov  4 01:47 5641.out
-rw-r--r--  1 codespace codespace      58 Nov  4 01:47 5642.err
-rw-r--r--  1 codespace codespace       0 Nov  4 01:47 5642.out
-rw-r--r--  1 codespace codespace       0 Nov  4 01:47 5643.err
-rw-r--r--  1 codespace codespace       0 Nov  4 01:47 5643.out
-rw-r--r--  1 codespace codespace      41 Nov  4 01:47 5644.err
-rw-r--r--  1 codespace codespace       0 Nov  4 01:47 5644.out
-rw-r--r--  1 codespace codespace       0 Nov  4 01:47 5645.err
-rw-r--r--  1 codespace codespace       0 Nov  4 01:47 5645.out
-rw-r--r--  1 codespace codespace      41 Nov  4 01:47 5646.err
-rw-r--r--  1 codespace codespace       0 Nov  4 01:47 5646.out
-rw-r--r--  1 codespace codespace       0 Nov  4 01:47 5647.err
-rw-r--r--  1 codespace codespace     124 Nov  4 01:47 5647.out
-rw-r--r--  1 codespace codespace       0 Nov  4 01:47 5648.err
-rw-r--r--  1 codespace codespace       0 Nov  4 01:47 5648.out
-rw-r--r--  1 codespace codespace      41 Nov  4 01:47 5649.err
-rw-r--r--  1 codespace codespace       0 Nov  4 01:47 5649.out
-rw-r--r--  1 codespace codespace       0 Nov  4 01:47 5650.err
-rw-r--r--  1 codespace codespace      14 Nov  4 01:47 5650.out
-rw-r--r--  1 codespace codespace       0 Nov  4 01:47 5651.err
-rw-r--r--  1 codespace codespace       0 Nov  4 01:47 5651.out
-rw-r--r--  1 codespace codespace      41 Nov  4 01:47 5652.err
-rw-r--r--  1 codespace codespace       0 Nov  4 01:47 5652.out
-rw-r--r--  1 codespace codespace       0 Nov  4 01:47 5653.err
-rw-r--r--  1 codespace codespace   57023 Nov  4 01:47 5653.out
-rw-r--r--  1 codespace codespace       0 Nov  4 01:47 5654.err
-rw-r--r--  1 codespace codespace       0 Nov  4 01:47 5654.out
-rw-r--r--  1 codespace codespace      41 Nov  4 01:47 5655.err
-rw-r--r--  1 codespace codespace       0 Nov  4 01:47 5655.out
-rw-r--r--  1 codespace codespace       0 Nov  4 01:47 5656.err
-rw-r--r--  1 codespace codespace     119 Nov  4 01:47 5656.out
-rw-r--r--  1 codespace codespace       0 Nov  4 01:47 5657.err
-rw-r--r--  1 codespace codespace       0 Nov  4 01:47 5657.out
-rw-r--r--  1 codespace codespace      41 Nov  4 01:47 5658.err
-rw-r--r--  1 codespace codespace       0 Nov  4 01:47 5658.out
-rw-r--r--  1 codespace codespace      54 Nov  4 01:47 5659.err
-rw-r--r--  1 codespace codespace       0 Nov  4 01:47 5659.out
-rw-r--r--  1 codespace codespace       0 Nov  4 01:47 5660.err
-rw-r--r--  1 codespace codespace       0 Nov  4 01:47 5660.out
-rw-r--r--  1 codespace codespace      41 Nov  4 01:47 5661.err
-rw-r--r--  1 codespace codespace       0 Nov  4 01:47 5661.out
-rw-r--r--  1 codespace codespace       0 Nov  4 01:47 5662.err
-rw-r--r--  1 codespace codespace      29 Nov  4 01:47 5662.out
-rw-r--r--  1 codespace codespace       0 Nov  4 01:47 5663.err
-rw-r--r--  1 codespace codespace       0 Nov  4 01:47 5663.out
-rw-r--r--  1 codespace codespace      41 Nov  4 01:47 5664.err
-rw-r--r--  1 codespace codespace       0 Nov  4 01:47 5664.out
-rw-r--r--  1 codespace codespace       0 Nov  4 01:47 5665.err
-rw-r--r--  1 codespace codespace      19 Nov  4 01:47 5665.out
-rw-r--r--  1 codespace codespace       0 Nov  4 01:47 5666.err
-rw-r--r--  1 codespace codespace       0 Nov  4 01:47 5666.out
-rw-r--r--  1 codespace codespace      41 Nov  4 01:47 5667.err
-rw-r--r--  1 codespace codespace       0 Nov  4 01:47 5667.out
-rw-r--r--  1 codespace codespace      58 Nov  4 01:47 5668.err
-rw-r--r--  1 codespace codespace       0 Nov  4 01:47 5668.out
-rw-r--r--  1 codespace codespace       0 Nov  4 01:47 5669.err
-rw-r--r--  1 codespace codespace       0 Nov  4 01:47 5669.out
-rw-r--r--  1 codespace codespace      41 Nov  4 01:47 5670.err
-rw-r--r--  1 codespace codespace       0 Nov  4 01:47 5670.out
-rw-r--r--  1 codespace codespace       0 Nov  4 01:47 5671.err
-rw-r--r--  1 codespace codespace       0 Nov  4 01:47 5671.out
-rw-r--r--  1 codespace codespace      41 Nov  4 01:47 5672.err
-rw-r--r--  1 codespace codespace       0 Nov  4 01:47 5672.out
-rw-r--r--  1 codespace codespace       0 Nov  4 01:47 5673.err
-rw-r--r--  1 codespace codespace     124 Nov  4 01:47 5673.out
-rw-r--r--  1 codespace codespace       0 Nov  4 01:47 5674.err
-rw-r--r--  1 codespace codespace       0 Nov  4 01:47 5674.out
-rw-r--r--  1 codespace codespace      41 Nov  4 01:47 5675.err
-rw-r--r--  1 codespace codespace       0 Nov  4 01:47 5675.out
-rw-r--r--  1 codespace codespace       0 Nov  4 01:47 5676.err
-rw-r--r--  1 codespace codespace      14 Nov  4 01:47 5676.out
-rw-r--r--  1 codespace codespace       0 Nov  4 01:47 5677.err
-rw-r--r--  1 codespace codespace       0 Nov  4 01:47 5677.out
-rw-r--r--  1 codespace codespace      41 Nov  4 01:47 5678.err
-rw-r--r--  1 codespace codespace       0 Nov  4 01:47 5678.out
-rw-r--r--  1 codespace codespace       0 Nov  4 01:47 5679.err
-rw-r--r--  1 codespace codespace   60351 Nov  4 01:47 5679.out
-rw-r--r--  1 codespace codespace       0 Nov  4 01:47 5680.err
-rw-r--r--  1 codespace codespace       0 Nov  4 01:47 5680.out
-rw-r--r--  1 codespace codespace      41 Nov  4 01:47 5681.err
-rw-r--r--  1 codespace codespace       0 Nov  4 01:47 5681.out
-rw-r--r--  1 codespace codespace       0 Nov  4 01:47 5682.err
-rw-r--r--  1 codespace codespace     119 Nov  4 01:47 5682.out
-rw-r--r--  1 codespace codespace       0 Nov  4 01:47 5683.err
-rw-r--r--  1 codespace codespace       0 Nov  4 01:47 5683.out
-rw-r--r--  1 codespace codespace      41 Nov  4 01:47 5684.err
-rw-r--r--  1 codespace codespace       0 Nov  4 01:47 5684.out
-rw-r--r--  1 codespace codespace      54 Nov  4 01:47 5685.err
-rw-r--r--  1 codespace codespace       0 Nov  4 01:47 5685.out
-rw-r--r--  1 codespace codespace       0 Nov  4 01:47 5686.err
-rw-r--r--  1 codespace codespace       0 Nov  4 01:47 5686.out
-rw-r--r--  1 codespace codespace      41 Nov  4 01:47 5687.err
-rw-r--r--  1 codespace codespace       0 Nov  4 01:47 5687.out
-rw-r--r--  1 codespace codespace       0 Nov  4 01:47 5688.err
-rw-r--r--  1 codespace codespace      29 Nov  4 01:47 5688.out
-rw-r--r--  1 codespace codespace       0 Nov  4 01:47 5689.err
-rw-r--r--  1 codespace codespace       0 Nov  4 01:47 5689.out
-rw-r--r--  1 codespace codespace      41 Nov  4 01:47 5690.err
-rw-r--r--  1 codespace codespace       0 Nov  4 01:47 5690.out
-rw-r--r--  1 codespace codespace       0 Nov  4 01:47 5691.err
-rw-r--r--  1 codespace codespace      19 Nov  4 01:47 5691.out
-rw-r--r--  1 codespace codespace       0 Nov  4 01:47 5692.err
-rw-r--r--  1 codespace codespace       0 Nov  4 01:47 5692.out
-rw-r--r--  1 codespace codespace      41 Nov  4 01:47 5695.err
-rw-r--r--  1 codespace codespace       0 Nov  4 01:47 5695.out
-rw-r--r--  1 codespace codespace      58 Nov  4 01:47 5696.err
-rw-r--r--  1 codespace codespace       0 Nov  4 01:47 5696.out
-rw-r--r--  1 codespace codespace       0 Nov  4 01:47 5697.err
-rw-r--r--  1 codespace codespace       0 Nov  4 01:47 5697.out
-rw-r--r--  1 codespace codespace      41 Nov  4 01:47 5704.err
-rw-r--r--  1 codespace codespace       0 Nov  4 01:47 5704.out
-rw-r--r--  1 codespace codespace       0 Nov  4 01:47 5705.err
-rw-r--r--  1 codespace codespace       0 Nov  4 01:47 5705.out
-rw-r--r--  1 codespace codespace      41 Nov  4 01:47 5706.err
-rw-r--r--  1 codespace codespace       0 Nov  4 01:47 5706.out
-rw-r--r--  1 codespace codespace       0 Nov  4 01:47 5707.err
-rw-r--r--  1 codespace codespace     124 Nov  4 01:47 5707.out
-rw-r--r--  1 codespace codespace       0 Nov  4 01:47 5708.err
-rw-r--r--  1 codespace codespace       0 Nov  4 01:47 5708.out
-rw-r--r--  1 codespace codespace      41 Nov  4 01:47 5709.err
-rw-r--r--  1 codespace codespace       0 Nov  4 01:47 5709.out
-rw-r--r--  1 codespace codespace       0 Nov  4 01:47 5710.err
-rw-r--r--  1 codespace codespace      14 Nov  4 01:47 5710.out
-rw-r--r--  1 codespace codespace       0 Nov  4 01:47 5711.err
-rw-r--r--  1 codespace codespace       0 Nov  4 01:47 5711.out
-rw-r--r--  1 codespace codespace      41 Nov  4 01:47 5712.err
-rw-r--r--  1 codespace codespace       0 Nov  4 01:47 5712.out
-rw-r--r--  1 codespace codespace       0 Nov  4 01:47 5713.err
-rw-r--r--  1 codespace codespace   63679 Nov  4 01:47 5713.out
-rw-r--r--  1 codespace codespace       0 Nov  4 01:47 5714.err
-rw-r--r--  1 codespace codespace       0 Nov  4 01:47 5714.out
-rw-r--r--  1 codespace codespace      41 Nov  4 01:47 5715.err
-rw-r--r--  1 codespace codespace       0 Nov  4 01:47 5715.out
-rw-r--r--  1 codespace codespace       0 Nov  4 01:47 5716.err
-rw-r--r--  1 codespace codespace     119 Nov  4 01:47 5716.out
-rw-r--r--  1 codespace codespace       0 Nov  4 01:47 5717.err
-rw-r--r--  1 codespace codespace       0 Nov  4 01:47 5717.out
-rw-r--r--  1 codespace codespace      41 Nov  4 01:47 5718.err
-rw-r--r--  1 codespace codespace       0 Nov  4 01:47 5718.out
-rw-r--r--  1 codespace codespace      54 Nov  4 01:47 5719.err
-rw-r--r--  1 codespace codespace       0 Nov  4 01:47 5719.out
-rw-r--r--  1 codespace codespace       0 Nov  4 01:47 5720.err
-rw-r--r--  1 codespace codespace       0 Nov  4 01:47 5720.out
-rw-r--r--  1 codespace codespace      41 Nov  4 01:47 5721.err
-rw-r--r--  1 codespace codespace       0 Nov  4 01:47 5721.out
-rw-r--r--  1 codespace codespace       0 Nov  4 01:47 5722.err
-rw-r--r--  1 codespace codespace      29 Nov  4 01:47 5722.out
-rw-r--r--  1 codespace codespace       0 Nov  4 01:47 5723.err
-rw-r--r--  1 codespace codespace       0 Nov  4 01:47 5723.out
-rw-r--r--  1 codespace codespace      41 Nov  4 01:47 5724.err
-rw-r--r--  1 codespace codespace       0 Nov  4 01:47 5724.out
-rw-r--r--  1 codespace codespace       0 Nov  4 01:47 5725.err
-rw-r--r--  1 codespace codespace      19 Nov  4 01:47 5725.out
-rw-r--r--  1 codespace codespace       0 Nov  4 01:47 5726.err
-rw-r--r--  1 codespace codespace       0 Nov  4 01:47 5726.out
-rw-r--r--  1 codespace codespace      41 Nov  4 01:47 5729.err
-rw-r--r--  1 codespace codespace       0 Nov  4 01:47 5729.out
-rw-r--r--  1 codespace codespace      58 Nov  4 01:47 5730.err
-rw-r--r--  1 codespace codespace       0 Nov  4 01:47 5730.out
-rw-r--r--  1 codespace codespace       0 Nov  4 01:47 5731.err
-rw-r--r--  1 codespace codespace       0 Nov  4 01:47 5731.out
-rw-r--r--  1 codespace codespace      41 Nov  4 01:47 5732.err
-rw-r--r--  1 codespace codespace       0 Nov  4 01:47 5732.out
-rw-r--r--  1 codespace codespace       0 Nov  4 01:47 5733.err
-rw-r--r--  1 codespace codespace       0 Nov  4 01:47 5733.out
-rw-r--r--  1 codespace codespace      41 Nov  4 01:47 5734.err
-rw-r--r--  1 codespace codespace       0 Nov  4 01:47 5734.out
-rw-r--r--  1 codespace codespace       0 Nov  4 01:47 5735.err
-rw-r--r--  1 codespace codespace     124 Nov  4 01:47 5735.out
-rw-r--r--  1 codespace codespace       0 Nov  4 01:47 5736.err
-rw-r--r--  1 codespace codespace       0 Nov  4 01:47 5736.out
-rw-r--r--  1 codespace codespace      41 Nov  4 01:47 5737.err
-rw-r--r--  1 codespace codespace       0 Nov  4 01:47 5737.out
-rw-r--r--  1 codespace codespace       0 Nov  4 01:47 5738.err
-rw-r--r--  1 codespace codespace      14 Nov  4 01:47 5738.out
-rw-r--r--  1 codespace codespace       0 Nov  4 01:47 5739.err
-rw-r--r--  1 codespace codespace       0 Nov  4 01:47 5739.out
-rw-r--r--  1 codespace codespace      41 Nov  4 01:47 5740.err
-rw-r--r--  1 codespace codespace       0 Nov  4 01:47 5740.out
-rw-r--r--  1 codespace codespace       0 Nov  4 01:47 5741.err
-rw-r--r--  1 codespace codespace       0 Nov  4 01:47 5741.out
-rw-rw-rw-  1 codespace root           63 Oct  7 03:36 README.md
-rw-rw-rw-  1 codespace codespace    4860 Oct  7 04:10 advanced_file_traverser.c
-rw-rw-rw-  1 codespace codespace   14792 Oct 26 20:33 advanced_file_traverser.o
-rwxrwxrwx  1 codespace codespace   17936 Oct  7 02:24 ass_02
-rw-rw-rw-  1 codespace codespace     512 Nov  4 01:46 commands.txt
-rwxrwxrwx  1 codespace codespace   22536 Oct 26 20:34 ffd_desc
-rw-rw-rw-  1 codespace codespace    3588 Oct 26 20:44 ffd_desc.c
-rw-rw-rw-  1 codespace codespace   13616 Oct 26 20:33 ffd_desc.o
-rw-rw-rw-  1 codespace codespace      20 Sep 22 10:52 file1.txt
-rw-rw-rw-  1 codespace codespace      20 Sep 23 00:18 file2.txt
-rw-rw-rw-  1 codespace codespace    1800 Sep 22 11:05 file_merge.c
-rw-rw-rw-  1 codespace codespace    1454 Sep 29 00:16 file_traverser.c
-rwxrwxrwx  1 codespace codespace   17072 Sep 22 11:04 filemerger
-rwxrwxrwx  1 codespace codespace   17136 Oct 27 02:16 forkexecvp
-rwxrwxrwx  1 codespace codespace   16744 Aug 29 20:56 hello
-rw-rw-rw-  1 codespace codespace       0 Aug 29 20:45 hello2.c
drwxrwxrwx+ 3 codespace codespace    4096 Sep 27 04:10 helloFolder
-rwxrwxrwx  1 codespace codespace   17256 Oct 13 17:15 hw1
-rw-rw-rw-  1 codespace codespace      16 Oct 13 17:18 input_file.txt
-rwxrwxrwx  1 codespace codespace   16848 Sep  8 19:26 insertion_sort
-rw-rw-rw-  1 codespace codespace    1875 Sep 14 22:36 insertion_sort.c
-rw-rw-rw-  1 codespace codespace    4712 Sep 15 04:42 insertion_sort_alphabet.c
-rwxrwxrwx  1 codespace codespace   17512 Nov  4 01:45 lab10_solution
-rw-rw-rw-  1 codespace codespace    1323 Oct 13 20:08 lab_07.c
-rw-rw-rw-  1 codespace codespace    1926 Oct 27 02:14 lab_09.c
-rw-rw-rw-  1 codespace codespace    2468 Nov  4 01:41 lab_10.c
-rwxrwxrwx  1 codespace codespace   17496 Oct  6 01:12 lab_o6
-rw-rw-rw-  1 codespace codespace 2659124 Oct  6 00:15 listings.csv
-rw-rw-rw-  1 codespace codespace     375 Oct  7 03:26 makefile
-rw-rw-rw-  1 codespace codespace     452 Oct 26 20:34 makefile2
-rw-rw-rw-  1 codespace codespace   35376 Nov  4 01:47 output.log
-rw-rw-rw-  1 codespace codespace    4958 Oct  6 01:13 parse_csv.c
-rwxrwxrwx  1 codespace codespace   16840 Sep  8 16:16 prime
-rw-rw-rw-  1 codespace codespace     850 Sep  8 16:16 prime.c
-rw-rw-rw-  1 codespace codespace 2416493 Oct  6 01:12 sorted_by_host_name.csv
-rw-rw-rw-  1 codespace codespace 2416493 Oct  6 01:12 sorted_by_price.csv
-rw-rw-rw-  1 codespace codespace   11622 Sep 13 23:48 syshomework1.c
-rwxrwxrwx  1 codespace codespace   17144 Sep 29 00:14 t
-rwxrwxrwx  1 codespace codespace   16888 Sep 27 03:59 t101
-rwxrwxrwx  1 codespace codespace   17448 Sep 15 04:42 ta
-rwxrwxrwx  1 codespace codespace   23288 Oct 26 20:33 traverse
